2022/05/18 15:36:28 main.go:15: test
2022/05/18 15:59:35 base.go:28: sql: unknown driver "splite3" (forgotten import?)
2022/05/18 22:47:38 users.go:31: sql: converting argument $5 type: unsupported type func() time.Time, a func
2022/05/19 00:26:53 todos.go:41: sql: no rows in result set
2022/05/19 23:24:50 server.go:3197: http: panic serving [::1]:63820: runtime error: invalid memory address or nil pointer dereference
goroutine 5 [running]:
net/http.(*conn).serve.func1()
	/usr/local/go/src/net/http/server.go:1825 +0xb0
panic({0x1053795c0, 0x1055cbfb0})
	/usr/local/go/src/runtime/panic.go:844 +0x258
html/template.(*Template).escape(0x14000127998?)
	/usr/local/go/src/html/template/template.go:97 +0x28
html/template.(*Template).Execute(0x0, {0x1053cb0d8, 0x140000bc000}, {0x0, 0x0})
	/usr/local/go/src/html/template/template.go:121 +0x34
todo_app_go/app/controllers.top({0x1053cd070?, 0x140000bc000}, 0x14000127a3b?)
	/Users/keisukeyoshida/wow/todo_app_go/app/controllers/route_main.go:10 +0x88
net/http.HandlerFunc.ServeHTTP(0x72?, {0x1053cd070?, 0x140000bc000?}, 0x104ea0130?)
	/usr/local/go/src/net/http/server.go:2084 +0x3c
net/http.(*ServeMux).ServeHTTP(0x0?, {0x1053cd070, 0x140000bc000}, 0x1400015a300)
	/usr/local/go/src/net/http/server.go:2462 +0x144
net/http.serverHandler.ServeHTTP({0x1400018e030?}, {0x1053cd070, 0x140000bc000}, 0x1400015a300)
	/usr/local/go/src/net/http/server.go:2916 +0x3fc
net/http.(*conn).serve(0x14000119360, {0x1053cd2c8, 0x1400007f530})
	/usr/local/go/src/net/http/server.go:1966 +0x56c
created by net/http.(*Server).Serve
	/usr/local/go/src/net/http/server.go:3071 +0x450
2022/05/19 23:24:50 server.go:3197: http: panic serving [::1]:63834: runtime error: invalid memory address or nil pointer dereference
goroutine 20 [running]:
net/http.(*conn).serve.func1()
	/usr/local/go/src/net/http/server.go:1825 +0xb0
panic({0x1053795c0, 0x1055cbfb0})
	/usr/local/go/src/runtime/panic.go:844 +0x258
html/template.(*Template).escape(0x1400005b998?)
	/usr/local/go/src/html/template/template.go:97 +0x28
html/template.(*Template).Execute(0x0, {0x1053cb0d8, 0x140000bc0e0}, {0x0, 0x0})
	/usr/local/go/src/html/template/template.go:121 +0x34
todo_app_go/app/controllers.top({0x1053cd070?, 0x140000bc0e0}, 0x1400005ba3b?)
	/Users/keisukeyoshida/wow/todo_app_go/app/controllers/route_main.go:10 +0x88
net/http.HandlerFunc.ServeHTTP(0x72?, {0x1053cd070?, 0x140000bc0e0?}, 0x104ea0130?)
	/usr/local/go/src/net/http/server.go:2084 +0x3c
net/http.(*ServeMux).ServeHTTP(0x0?, {0x1053cd070, 0x140000bc0e0}, 0x140000a4000)
	/usr/local/go/src/net/http/server.go:2462 +0x144
net/http.serverHandler.ServeHTTP({0x1400009a090?}, {0x1053cd070, 0x140000bc0e0}, 0x140000a4000)
	/usr/local/go/src/net/http/server.go:2916 +0x3fc
net/http.(*conn).serve(0x1400009e000, {0x1053cd2c8, 0x1400007f530})
	/usr/local/go/src/net/http/server.go:1966 +0x56c
created by net/http.(*Server).Serve
	/usr/local/go/src/net/http/server.go:3071 +0x450
2022/05/19 23:24:50 server.go:3197: http: panic serving [::1]:63835: runtime error: invalid memory address or nil pointer dereference
goroutine 23 [running]:
net/http.(*conn).serve.func1()
	/usr/local/go/src/net/http/server.go:1825 +0xb0
panic({0x1053795c0, 0x1055cbfb0})
	/usr/local/go/src/runtime/panic.go:844 +0x258
html/template.(*Template).escape(0x1400005b998?)
	/usr/local/go/src/html/template/template.go:97 +0x28
html/template.(*Template).Execute(0x0, {0x1053cb0d8, 0x140000bc1c0}, {0x0, 0x0})
	/usr/local/go/src/html/template/template.go:121 +0x34
todo_app_go/app/controllers.top({0x1053cd070?, 0x140000bc1c0}, 0x1400005ba3b?)
	/Users/keisukeyoshida/wow/todo_app_go/app/controllers/route_main.go:10 +0x88
net/http.HandlerFunc.ServeHTTP(0x72?, {0x1053cd070?, 0x140000bc1c0?}, 0x104ea0130?)
	/usr/local/go/src/net/http/server.go:2084 +0x3c
net/http.(*ServeMux).ServeHTTP(0x0?, {0x1053cd070, 0x140000bc1c0}, 0x140000a4100)
	/usr/local/go/src/net/http/server.go:2462 +0x144
net/http.serverHandler.ServeHTTP({0x1400009a360?}, {0x1053cd070, 0x140000bc1c0}, 0x140000a4100)
	/usr/local/go/src/net/http/server.go:2916 +0x3fc
net/http.(*conn).serve(0x1400009e0a0, {0x1053cd2c8, 0x1400007f530})
	/usr/local/go/src/net/http/server.go:1966 +0x56c
created by net/http.(*Server).Serve
	/usr/local/go/src/net/http/server.go:3071 +0x450
2022/05/19 23:24:51 server.go:3197: http: panic serving [::1]:63836: runtime error: invalid memory address or nil pointer dereference
goroutine 25 [running]:
net/http.(*conn).serve.func1()
	/usr/local/go/src/net/http/server.go:1825 +0xb0
panic({0x1053795c0, 0x1055cbfb0})
	/usr/local/go/src/runtime/panic.go:844 +0x258
html/template.(*Template).escape(0x14000187998?)
	/usr/local/go/src/html/template/template.go:97 +0x28
html/template.(*Template).Execute(0x0, {0x1053cb0d8, 0x140001ac000}, {0x0, 0x0})
	/usr/local/go/src/html/template/template.go:121 +0x34
todo_app_go/app/controllers.top({0x1053cd070?, 0x140001ac000}, 0x14000187a3b?)
	/Users/keisukeyoshida/wow/todo_app_go/app/controllers/route_main.go:10 +0x88
net/http.HandlerFunc.ServeHTTP(0x72?, {0x1053cd070?, 0x140001ac000?}, 0x104ea0130?)
	/usr/local/go/src/net/http/server.go:2084 +0x3c
net/http.(*ServeMux).ServeHTTP(0x0?, {0x1053cd070, 0x140001ac000}, 0x1400015a400)
	/usr/local/go/src/net/http/server.go:2462 +0x144
net/http.serverHandler.ServeHTTP({0x1400007fce0?}, {0x1053cd070, 0x140001ac000}, 0x1400015a400)
	/usr/local/go/src/net/http/server.go:2916 +0x3fc
net/http.(*conn).serve(0x1400009e140, {0x1053cd2c8, 0x1400007f530})
	/usr/local/go/src/net/http/server.go:1966 +0x56c
created by net/http.(*Server).Serve
	/usr/local/go/src/net/http/server.go:3071 +0x450
2022/05/19 23:24:51 server.go:3197: http: panic serving [::1]:63837: runtime error: invalid memory address or nil pointer dereference
goroutine 26 [running]:
net/http.(*conn).serve.func1()
	/usr/local/go/src/net/http/server.go:1825 +0xb0
panic({0x1053795c0, 0x1055cbfb0})
	/usr/local/go/src/runtime/panic.go:844 +0x258
html/template.(*Template).escape(0x1400005b998?)
	/usr/local/go/src/html/template/template.go:97 +0x28
html/template.(*Template).Execute(0x0, {0x1053cb0d8, 0x140001641c0}, {0x0, 0x0})
	/usr/local/go/src/html/template/template.go:121 +0x34
todo_app_go/app/controllers.top({0x1053cd070?, 0x140001641c0}, 0x1400005ba3b?)
	/Users/keisukeyoshida/wow/todo_app_go/app/controllers/route_main.go:10 +0x88
net/http.HandlerFunc.ServeHTTP(0x72?, {0x1053cd070?, 0x140001641c0?}, 0x104ea0130?)
	/usr/local/go/src/net/http/server.go:2084 +0x3c
net/http.(*ServeMux).ServeHTTP(0x0?, {0x1053cd070, 0x140001641c0}, 0x140000a4200)
	/usr/local/go/src/net/http/server.go:2462 +0x144
net/http.serverHandler.ServeHTTP({0x1400009a540?}, {0x1053cd070, 0x140001641c0}, 0x140000a4200)
	/usr/local/go/src/net/http/server.go:2916 +0x3fc
net/http.(*conn).serve(0x1400009e1e0, {0x1053cd2c8, 0x1400007f530})
	/usr/local/go/src/net/http/server.go:1966 +0x56c
created by net/http.(*Server).Serve
	/usr/local/go/src/net/http/server.go:3071 +0x450
2022/05/19 23:24:51 server.go:3197: http: panic serving [::1]:63838: runtime error: invalid memory address or nil pointer dereference
goroutine 27 [running]:
net/http.(*conn).serve.func1()
	/usr/local/go/src/net/http/server.go:1825 +0xb0
panic({0x1053795c0, 0x1055cbfb0})
	/usr/local/go/src/runtime/panic.go:844 +0x258
html/template.(*Template).escape(0x1400005c998?)
	/usr/local/go/src/html/template/template.go:97 +0x28
html/template.(*Template).Execute(0x0, {0x1053cb0d8, 0x140000bc2a0}, {0x0, 0x0})
	/usr/local/go/src/html/template/template.go:121 +0x34
todo_app_go/app/controllers.top({0x1053cd070?, 0x140000bc2a0}, 0x1400005ca3b?)
	/Users/keisukeyoshida/wow/todo_app_go/app/controllers/route_main.go:10 +0x88
net/http.HandlerFunc.ServeHTTP(0x72?, {0x1053cd070?, 0x140000bc2a0?}, 0x104ea0130?)
	/usr/local/go/src/net/http/server.go:2084 +0x3c
net/http.(*ServeMux).ServeHTTP(0x0?, {0x1053cd070, 0x140000bc2a0}, 0x140000a4300)
	/usr/local/go/src/net/http/server.go:2462 +0x144
net/http.serverHandler.ServeHTTP({0x1400009a600?}, {0x1053cd070, 0x140000bc2a0}, 0x140000a4300)
	/usr/local/go/src/net/http/server.go:2916 +0x3fc
net/http.(*conn).serve(0x1400009e280, {0x1053cd2c8, 0x1400007f530})
	/usr/local/go/src/net/http/server.go:1966 +0x56c
created by net/http.(*Server).Serve
	/usr/local/go/src/net/http/server.go:3071 +0x450
2022/05/20 00:08:43 server.go:3197: http: panic serving [::1]:52768: template: layout.html:14: function "templates" not defined
goroutine 5 [running]:
net/http.(*conn).serve.func1()
	/usr/local/go/src/net/http/server.go:1825 +0xb0
panic({0x105321140, 0x14000090070})
	/usr/local/go/src/runtime/panic.go:844 +0x258
html/template.Must(...)
	/usr/local/go/src/html/template/template.go:374
todo_app_go/app/controllers.GeneratHTML({0x10537eba0?, 0x140001640e0}, {0x105311780, 0x10537c2f0}, {0x140001199d8?, 0x2, 0x800?})
	/Users/keisukeyoshida/wow/todo_app_go/app/controllers/server.go:23 +0xd0
todo_app_go/app/controllers.top({0x10537eba0?, 0x140001640e0?}, 0x14000119a3b?)
	/Users/keisukeyoshida/wow/todo_app_go/app/controllers/route_main.go:8 +0x74
net/http.HandlerFunc.ServeHTTP(0x72?, {0x10537eba0?, 0x140001640e0?}, 0x104e45e20?)
	/usr/local/go/src/net/http/server.go:2084 +0x3c
net/http.(*ServeMux).ServeHTTP(0x0?, {0x10537eba0, 0x140001640e0}, 0x140001a2000)
	/usr/local/go/src/net/http/server.go:2462 +0x144
net/http.serverHandler.ServeHTTP({0x1400018e030?}, {0x10537eba0, 0x140001640e0}, 0x140001a2000)
	/usr/local/go/src/net/http/server.go:2916 +0x3fc
net/http.(*conn).serve(0x14000117360, {0x10537ee58, 0x1400007f560})
	/usr/local/go/src/net/http/server.go:1966 +0x56c
created by net/http.(*Server).Serve
	/usr/local/go/src/net/http/server.go:3071 +0x450
2022/05/20 00:08:43 server.go:3197: http: panic serving [::1]:52769: template: layout.html:14: function "templates" not defined
goroutine 6 [running]:
net/http.(*conn).serve.func1()
	/usr/local/go/src/net/http/server.go:1825 +0xb0
panic({0x105321140, 0x14000090160})
	/usr/local/go/src/runtime/panic.go:844 +0x258
html/template.Must(...)
	/usr/local/go/src/html/template/template.go:374
todo_app_go/app/controllers.GeneratHTML({0x10537eba0?, 0x140000de000}, {0x105311780, 0x10537c2f0}, {0x1400005a9d8?, 0x2, 0x800?})
	/Users/keisukeyoshida/wow/todo_app_go/app/controllers/server.go:23 +0xd0
todo_app_go/app/controllers.top({0x10537eba0?, 0x140000de000?}, 0x1400005aa3b?)
	/Users/keisukeyoshida/wow/todo_app_go/app/controllers/route_main.go:8 +0x74
net/http.HandlerFunc.ServeHTTP(0x72?, {0x10537eba0?, 0x140000de000?}, 0x104e45e20?)
	/usr/local/go/src/net/http/server.go:2084 +0x3c
net/http.(*ServeMux).ServeHTTP(0x0?, {0x10537eba0, 0x140000de000}, 0x140001a2100)
	/usr/local/go/src/net/http/server.go:2462 +0x144
net/http.serverHandler.ServeHTTP({0x1400007f6b0?}, {0x10537eba0, 0x140000de000}, 0x140001a2100)
	/usr/local/go/src/net/http/server.go:2916 +0x3fc
net/http.(*conn).serve(0x14000117400, {0x10537ee58, 0x1400007f560})
	/usr/local/go/src/net/http/server.go:1966 +0x56c
created by net/http.(*Server).Serve
	/usr/local/go/src/net/http/server.go:3071 +0x450
2022/05/20 00:08:43 server.go:3197: http: panic serving [::1]:52770: template: layout.html:14: function "templates" not defined
goroutine 22 [running]:
net/http.(*conn).serve.func1()
	/usr/local/go/src/net/http/server.go:1825 +0xb0
panic({0x105321140, 0x14000090260})
	/usr/local/go/src/runtime/panic.go:844 +0x258
html/template.Must(...)
	/usr/local/go/src/html/template/template.go:374
todo_app_go/app/controllers.GeneratHTML({0x10537eba0?, 0x140000de0e0}, {0x105311780, 0x10537c2f0}, {0x1400005a9d8?, 0x2, 0x800?})
	/Users/keisukeyoshida/wow/todo_app_go/app/controllers/server.go:23 +0xd0
todo_app_go/app/controllers.top({0x10537eba0?, 0x140000de0e0?}, 0x1400005aa3b?)
	/Users/keisukeyoshida/wow/todo_app_go/app/controllers/route_main.go:8 +0x74
net/http.HandlerFunc.ServeHTTP(0x72?, {0x10537eba0?, 0x140000de0e0?}, 0x104e45e20?)
	/usr/local/go/src/net/http/server.go:2084 +0x3c
net/http.(*ServeMux).ServeHTTP(0x0?, {0x10537eba0, 0x140000de0e0}, 0x140000fc000)
	/usr/local/go/src/net/http/server.go:2462 +0x144
net/http.serverHandler.ServeHTTP({0x14000096570?}, {0x10537eba0, 0x140000de0e0}, 0x140000fc000)
	/usr/local/go/src/net/http/server.go:2916 +0x3fc
net/http.(*conn).serve(0x140000fa000, {0x10537ee58, 0x1400007f560})
	/usr/local/go/src/net/http/server.go:1966 +0x56c
created by net/http.(*Server).Serve
	/usr/local/go/src/net/http/server.go:3071 +0x450
2022/05/20 00:08:44 server.go:3197: http: panic serving [::1]:52775: template: layout.html:14: function "templates" not defined
goroutine 25 [running]:
net/http.(*conn).serve.func1()
	/usr/local/go/src/net/http/server.go:1825 +0xb0
panic({0x105321140, 0x14000013140})
	/usr/local/go/src/runtime/panic.go:844 +0x258
html/template.Must(...)
	/usr/local/go/src/html/template/template.go:374
todo_app_go/app/controllers.GeneratHTML({0x10537eba0?, 0x140000de1c0}, {0x105311780, 0x10537c2f0}, {0x1400005b9d8?, 0x2, 0x800?})
	/Users/keisukeyoshida/wow/todo_app_go/app/controllers/server.go:23 +0xd0
todo_app_go/app/controllers.top({0x10537eba0?, 0x140000de1c0?}, 0x1400005ba3b?)
	/Users/keisukeyoshida/wow/todo_app_go/app/controllers/route_main.go:8 +0x74
net/http.HandlerFunc.ServeHTTP(0x72?, {0x10537eba0?, 0x140000de1c0?}, 0x104e45e20?)
	/usr/local/go/src/net/http/server.go:2084 +0x3c
net/http.(*ServeMux).ServeHTTP(0x0?, {0x10537eba0, 0x140000de1c0}, 0x140000fc200)
	/usr/local/go/src/net/http/server.go:2462 +0x144
net/http.serverHandler.ServeHTTP({0x14000096ab0?}, {0x10537eba0, 0x140000de1c0}, 0x140000fc200)
	/usr/local/go/src/net/http/server.go:2916 +0x3fc
net/http.(*conn).serve(0x140000fa0a0, {0x10537ee58, 0x1400007f560})
	/usr/local/go/src/net/http/server.go:1966 +0x56c
created by net/http.(*Server).Serve
	/usr/local/go/src/net/http/server.go:3071 +0x450
2022/05/20 00:08:44 server.go:3197: http: panic serving [::1]:52776: template: layout.html:14: function "templates" not defined
goroutine 26 [running]:
net/http.(*conn).serve.func1()
	/usr/local/go/src/net/http/server.go:1825 +0xb0
panic({0x105321140, 0x14000013230})
	/usr/local/go/src/runtime/panic.go:844 +0x258
html/template.Must(...)
	/usr/local/go/src/html/template/template.go:374
todo_app_go/app/controllers.GeneratHTML({0x10537eba0?, 0x140001641c0}, {0x105311780, 0x10537c2f0}, {0x1400005a9d8?, 0x2, 0x800?})
	/Users/keisukeyoshida/wow/todo_app_go/app/controllers/server.go:23 +0xd0
todo_app_go/app/controllers.top({0x10537eba0?, 0x140001641c0?}, 0x1400005aa3b?)
	/Users/keisukeyoshida/wow/todo_app_go/app/controllers/route_main.go:8 +0x74
net/http.HandlerFunc.ServeHTTP(0x72?, {0x10537eba0?, 0x140001641c0?}, 0x104e45e20?)
	/usr/local/go/src/net/http/server.go:2084 +0x3c
net/http.(*ServeMux).ServeHTTP(0x0?, {0x10537eba0, 0x140001641c0}, 0x140000fc100)
	/usr/local/go/src/net/http/server.go:2462 +0x144
net/http.serverHandler.ServeHTTP({0x14000096a50?}, {0x10537eba0, 0x140001641c0}, 0x140000fc100)
	/usr/local/go/src/net/http/server.go:2916 +0x3fc
net/http.(*conn).serve(0x140000fa140, {0x10537ee58, 0x1400007f560})
	/usr/local/go/src/net/http/server.go:1966 +0x56c
created by net/http.(*Server).Serve
	/usr/local/go/src/net/http/server.go:3071 +0x450
2022/05/20 00:08:44 server.go:3197: http: panic serving [::1]:52777: template: layout.html:14: function "templates" not defined
goroutine 11 [running]:
net/http.(*conn).serve.func1()
	/usr/local/go/src/net/http/server.go:1825 +0xb0
panic({0x105321140, 0x140000903f0})
	/usr/local/go/src/runtime/panic.go:844 +0x258
html/template.Must(...)
	/usr/local/go/src/html/template/template.go:374
todo_app_go/app/controllers.GeneratHTML({0x10537eba0?, 0x140000de2a0}, {0x105311780, 0x10537c2f0}, {0x1400005a9d8?, 0x2, 0x800?})
	/Users/keisukeyoshida/wow/todo_app_go/app/controllers/server.go:23 +0xd0
todo_app_go/app/controllers.top({0x10537eba0?, 0x140000de2a0?}, 0x1400005aa3b?)
	/Users/keisukeyoshida/wow/todo_app_go/app/controllers/route_main.go:8 +0x74
net/http.HandlerFunc.ServeHTTP(0x72?, {0x10537eba0?, 0x140000de2a0?}, 0x104e45e20?)
	/usr/local/go/src/net/http/server.go:2084 +0x3c
net/http.(*ServeMux).ServeHTTP(0x0?, {0x10537eba0, 0x140000de2a0}, 0x1400015a100)
	/usr/local/go/src/net/http/server.go:2462 +0x144
net/http.serverHandler.ServeHTTP({0x1400007ff80?}, {0x10537eba0, 0x140000de2a0}, 0x1400015a100)
	/usr/local/go/src/net/http/server.go:2916 +0x3fc
net/http.(*conn).serve(0x140001174a0, {0x10537ee58, 0x1400007f560})
	/usr/local/go/src/net/http/server.go:1966 +0x56c
created by net/http.(*Server).Serve
	/usr/local/go/src/net/http/server.go:3071 +0x450
2022/05/20 00:08:45 server.go:3197: http: panic serving [::1]:52778: template: layout.html:14: function "templates" not defined
goroutine 34 [running]:
net/http.(*conn).serve.func1()
	/usr/local/go/src/net/http/server.go:1825 +0xb0
panic({0x105321140, 0x140001920f0})
	/usr/local/go/src/runtime/panic.go:844 +0x258
html/template.Must(...)
	/usr/local/go/src/html/template/template.go:374
todo_app_go/app/controllers.GeneratHTML({0x10537eba0?, 0x140001c4000}, {0x105311780, 0x10537c2f0}, {0x1400011b9d8?, 0x2, 0x800?})
	/Users/keisukeyoshida/wow/todo_app_go/app/controllers/server.go:23 +0xd0
todo_app_go/app/controllers.top({0x10537eba0?, 0x140001c4000?}, 0x1400005aa3b?)
	/Users/keisukeyoshida/wow/todo_app_go/app/controllers/route_main.go:8 +0x74
net/http.HandlerFunc.ServeHTTP(0x72?, {0x10537eba0?, 0x140001c4000?}, 0x104e45e20?)
	/usr/local/go/src/net/http/server.go:2084 +0x3c
net/http.(*ServeMux).ServeHTTP(0x0?, {0x10537eba0, 0x140001c4000}, 0x140000fc300)
	/usr/local/go/src/net/http/server.go:2462 +0x144
net/http.serverHandler.ServeHTTP({0x14000097230?}, {0x10537eba0, 0x140001c4000}, 0x140000fc300)
	/usr/local/go/src/net/http/server.go:2916 +0x3fc
net/http.(*conn).serve(0x140001aa000, {0x10537ee58, 0x1400007f560})
	/usr/local/go/src/net/http/server.go:1966 +0x56c
created by net/http.(*Server).Serve
	/usr/local/go/src/net/http/server.go:3071 +0x450
2022/05/20 00:08:45 server.go:3197: http: panic serving [::1]:52779: template: layout.html:14: function "templates" not defined
goroutine 35 [running]:
net/http.(*conn).serve.func1()
	/usr/local/go/src/net/http/server.go:1825 +0xb0
panic({0x105321140, 0x14000090470})
	/usr/local/go/src/runtime/panic.go:844 +0x258
html/template.Must(...)
	/usr/local/go/src/html/template/template.go:374
todo_app_go/app/controllers.GeneratHTML({0x10537eba0?, 0x140001642a0}, {0x105311780, 0x10537c2f0}, {0x140001879d8?, 0x2, 0x800?})
	/Users/keisukeyoshida/wow/todo_app_go/app/controllers/server.go:23 +0xd0
todo_app_go/app/controllers.top({0x10537eba0?, 0x140001642a0?}, 0x14000187a3b?)
	/Users/keisukeyoshida/wow/todo_app_go/app/controllers/route_main.go:8 +0x74
net/http.HandlerFunc.ServeHTTP(0x72?, {0x10537eba0?, 0x140001642a0?}, 0x104e45e20?)
	/usr/local/go/src/net/http/server.go:2084 +0x3c
net/http.(*ServeMux).ServeHTTP(0x0?, {0x10537eba0, 0x140001642a0}, 0x140001a2200)
	/usr/local/go/src/net/http/server.go:2462 +0x144
net/http.serverHandler.ServeHTTP({0x1400018e1e0?}, {0x10537eba0, 0x140001642a0}, 0x140001a2200)
	/usr/local/go/src/net/http/server.go:2916 +0x3fc
net/http.(*conn).serve(0x140001aa0a0, {0x10537ee58, 0x1400007f560})
	/usr/local/go/src/net/http/server.go:1966 +0x56c
created by net/http.(*Server).Serve
	/usr/local/go/src/net/http/server.go:3071 +0x450
2022/05/20 00:08:45 server.go:3197: http: panic serving [::1]:52780: template: layout.html:14: function "templates" not defined
goroutine 14 [running]:
net/http.(*conn).serve.func1()
	/usr/local/go/src/net/http/server.go:1825 +0xb0
panic({0x105321140, 0x14000192160})
	/usr/local/go/src/runtime/panic.go:844 +0x258
html/template.Must(...)
	/usr/local/go/src/html/template/template.go:374
todo_app_go/app/controllers.GeneratHTML({0x10537eba0?, 0x14000164380}, {0x105311780, 0x10537c2f0}, {0x140001879d8?, 0x2, 0x800?})
	/Users/keisukeyoshida/wow/todo_app_go/app/controllers/server.go:23 +0xd0
todo_app_go/app/controllers.top({0x10537eba0?, 0x14000164380?}, 0x14000187a3b?)
	/Users/keisukeyoshida/wow/todo_app_go/app/controllers/route_main.go:8 +0x74
net/http.HandlerFunc.ServeHTTP(0x72?, {0x10537eba0?, 0x14000164380?}, 0x104e45e20?)
	/usr/local/go/src/net/http/server.go:2084 +0x3c
net/http.(*ServeMux).ServeHTTP(0x0?, {0x10537eba0, 0x14000164380}, 0x1400015a200)
	/usr/local/go/src/net/http/server.go:2462 +0x144
net/http.serverHandler.ServeHTTP({0x14000248360?}, {0x10537eba0, 0x14000164380}, 0x1400015a200)
	/usr/local/go/src/net/http/server.go:2916 +0x3fc
net/http.(*conn).serve(0x14000117540, {0x10537ee58, 0x1400007f560})
	/usr/local/go/src/net/http/server.go:1966 +0x56c
created by net/http.(*Server).Serve
	/usr/local/go/src/net/http/server.go:3071 +0x450
2022/05/20 00:08:50 server.go:3197: http: panic serving [::1]:52801: template: layout.html:14: function "templates" not defined
goroutine 50 [running]:
net/http.(*conn).serve.func1()
	/usr/local/go/src/net/http/server.go:1825 +0xb0
panic({0x105321140, 0x140000904e0})
	/usr/local/go/src/runtime/panic.go:844 +0x258
html/template.Must(...)
	/usr/local/go/src/html/template/template.go:374
todo_app_go/app/controllers.GeneratHTML({0x10537eba0?, 0x14000164460}, {0x105311780, 0x10537c2f0}, {0x1400005a9d8?, 0x2, 0x800?})
	/Users/keisukeyoshida/wow/todo_app_go/app/controllers/server.go:23 +0xd0
todo_app_go/app/controllers.top({0x10537eba0?, 0x14000164460?}, 0x1400005aa3b?)
	/Users/keisukeyoshida/wow/todo_app_go/app/controllers/route_main.go:8 +0x74
net/http.HandlerFunc.ServeHTTP(0x72?, {0x10537eba0?, 0x14000164460?}, 0x104e45e20?)
	/usr/local/go/src/net/http/server.go:2084 +0x3c
net/http.(*ServeMux).ServeHTTP(0x0?, {0x10537eba0, 0x14000164460}, 0x140001a2400)
	/usr/local/go/src/net/http/server.go:2462 +0x144
net/http.serverHandler.ServeHTTP({0x1400018e720?}, {0x10537eba0, 0x14000164460}, 0x140001a2400)
	/usr/local/go/src/net/http/server.go:2916 +0x3fc
net/http.(*conn).serve(0x140001175e0, {0x10537ee58, 0x1400007f560})
	/usr/local/go/src/net/http/server.go:1966 +0x56c
created by net/http.(*Server).Serve
	/usr/local/go/src/net/http/server.go:3071 +0x450
2022/05/20 00:08:50 server.go:3197: http: panic serving [::1]:52802: template: layout.html:14: function "templates" not defined
goroutine 51 [running]:
net/http.(*conn).serve.func1()
	/usr/local/go/src/net/http/server.go:1825 +0xb0
panic({0x105321140, 0x140000905d0})
	/usr/local/go/src/runtime/panic.go:844 +0x258
html/template.Must(...)
	/usr/local/go/src/html/template/template.go:374
todo_app_go/app/controllers.GeneratHTML({0x10537eba0?, 0x140000de380}, {0x105311780, 0x10537c2f0}, {0x140001879d8?, 0x2, 0x800?})
	/Users/keisukeyoshida/wow/todo_app_go/app/controllers/server.go:23 +0xd0
todo_app_go/app/controllers.top({0x10537eba0?, 0x140000de380?}, 0x14000187a3b?)
	/Users/keisukeyoshida/wow/todo_app_go/app/controllers/route_main.go:8 +0x74
net/http.HandlerFunc.ServeHTTP(0x72?, {0x10537eba0?, 0x140000de380?}, 0x104e45e20?)
	/usr/local/go/src/net/http/server.go:2084 +0x3c
net/http.(*ServeMux).ServeHTTP(0x0?, {0x10537eba0, 0x140000de380}, 0x1400015a300)
	/usr/local/go/src/net/http/server.go:2462 +0x144
net/http.serverHandler.ServeHTTP({0x14000248780?}, {0x10537eba0, 0x140000de380}, 0x1400015a300)
	/usr/local/go/src/net/http/server.go:2916 +0x3fc
net/http.(*conn).serve(0x14000117680, {0x10537ee58, 0x1400007f560})
	/usr/local/go/src/net/http/server.go:1966 +0x56c
created by net/http.(*Server).Serve
	/usr/local/go/src/net/http/server.go:3071 +0x450
2022/05/20 00:08:50 server.go:3197: http: panic serving [::1]:52803: template: layout.html:14: function "templates" not defined
goroutine 54 [running]:
net/http.(*conn).serve.func1()
	/usr/local/go/src/net/http/server.go:1825 +0xb0
panic({0x105321140, 0x140001921e0})
	/usr/local/go/src/runtime/panic.go:844 +0x258
html/template.Must(...)
	/usr/local/go/src/html/template/template.go:374
todo_app_go/app/controllers.GeneratHTML({0x10537eba0?, 0x14000164540}, {0x105311780, 0x10537c2f0}, {0x1400005a9d8?, 0x2, 0x800?})
	/Users/keisukeyoshida/wow/todo_app_go/app/controllers/server.go:23 +0xd0
todo_app_go/app/controllers.top({0x10537eba0?, 0x14000164540?}, 0x1400005aa3b?)
	/Users/keisukeyoshida/wow/todo_app_go/app/controllers/route_main.go:8 +0x74
net/http.HandlerFunc.ServeHTTP(0x72?, {0x10537eba0?, 0x14000164540?}, 0x104e45e20?)
	/usr/local/go/src/net/http/server.go:2084 +0x3c
net/http.(*ServeMux).ServeHTTP(0x0?, {0x10537eba0, 0x14000164540}, 0x1400015a400)
	/usr/local/go/src/net/http/server.go:2462 +0x144
net/http.serverHandler.ServeHTTP({0x14000248b40?}, {0x10537eba0, 0x14000164540}, 0x1400015a400)
	/usr/local/go/src/net/http/server.go:2916 +0x3fc
net/http.(*conn).serve(0x14000117720, {0x10537ee58, 0x1400007f560})
	/usr/local/go/src/net/http/server.go:1966 +0x56c
created by net/http.(*Server).Serve
	/usr/local/go/src/net/http/server.go:3071 +0x450
2022/05/20 00:09:14 server.go:3197: http: panic serving [::1]:52903: template: layout.html:14: function "templates" not defined
goroutine 20 [running]:
net/http.(*conn).serve.func1()
	/usr/local/go/src/net/http/server.go:1825 +0xb0
panic({0x1049a1140, 0x1400021e0d0})
	/usr/local/go/src/runtime/panic.go:844 +0x258
html/template.Must(...)
	/usr/local/go/src/html/template/template.go:374
todo_app_go/app/controllers.GeneratHTML({0x1049feba0?, 0x14000222000}, {0x104991780, 0x1049fc2f0}, {0x140000b79d8?, 0x2, 0x800?})
	/Users/keisukeyoshida/wow/todo_app_go/app/controllers/server.go:23 +0xd0
todo_app_go/app/controllers.top({0x1049feba0?, 0x14000222000?}, 0x1400005ba3b?)
	/Users/keisukeyoshida/wow/todo_app_go/app/controllers/route_main.go:8 +0x74
net/http.HandlerFunc.ServeHTTP(0x72?, {0x1049feba0?, 0x14000222000?}, 0x1044c5e20?)
	/usr/local/go/src/net/http/server.go:2084 +0x3c
net/http.(*ServeMux).ServeHTTP(0x0?, {0x1049feba0, 0x14000222000}, 0x14000202000)
	/usr/local/go/src/net/http/server.go:2462 +0x144
net/http.serverHandler.ServeHTTP({0x14000116030?}, {0x1049feba0, 0x14000222000}, 0x14000202000)
	/usr/local/go/src/net/http/server.go:2916 +0x3fc
net/http.(*conn).serve(0x140000b5360, {0x1049fee58, 0x1400009b560})
	/usr/local/go/src/net/http/server.go:1966 +0x56c
created by net/http.(*Server).Serve
	/usr/local/go/src/net/http/server.go:3071 +0x450
2022/05/20 00:09:14 server.go:3197: http: panic serving [::1]:52904: template: layout.html:14: function "templates" not defined
goroutine 21 [running]:
net/http.(*conn).serve.func1()
	/usr/local/go/src/net/http/server.go:1825 +0xb0
panic({0x1049a1140, 0x1400021e1c0})
	/usr/local/go/src/runtime/panic.go:844 +0x258
html/template.Must(...)
	/usr/local/go/src/html/template/template.go:374
todo_app_go/app/controllers.GeneratHTML({0x1049feba0?, 0x140002220e0}, {0x104991780, 0x1049fc2f0}, {0x140000bd9d8?, 0x2, 0x800?})
	/Users/keisukeyoshida/wow/todo_app_go/app/controllers/server.go:23 +0xd0
todo_app_go/app/controllers.top({0x1049feba0?, 0x140002220e0?}, 0x140000bda3b?)
	/Users/keisukeyoshida/wow/todo_app_go/app/controllers/route_main.go:8 +0x74
net/http.HandlerFunc.ServeHTTP(0x72?, {0x1049feba0?, 0x140002220e0?}, 0x1044c5e20?)
	/usr/local/go/src/net/http/server.go:2084 +0x3c
net/http.(*ServeMux).ServeHTTP(0x0?, {0x1049feba0, 0x140002220e0}, 0x14000188100)
	/usr/local/go/src/net/http/server.go:2462 +0x144
net/http.serverHandler.ServeHTTP({0x1400009b6b0?}, {0x1049feba0, 0x140002220e0}, 0x14000188100)
	/usr/local/go/src/net/http/server.go:2916 +0x3fc
net/http.(*conn).serve(0x140000b5400, {0x1049fee58, 0x1400009b560})
	/usr/local/go/src/net/http/server.go:1966 +0x56c
created by net/http.(*Server).Serve
	/usr/local/go/src/net/http/server.go:3071 +0x450
2022/05/20 00:09:14 server.go:3197: http: panic serving [::1]:52905: template: layout.html:14: function "templates" not defined
goroutine 22 [running]:
net/http.(*conn).serve.func1()
	/usr/local/go/src/net/http/server.go:1825 +0xb0
panic({0x1049a1140, 0x1400011a060})
	/usr/local/go/src/runtime/panic.go:844 +0x258
html/template.Must(...)
	/usr/local/go/src/html/template/template.go:374
todo_app_go/app/controllers.GeneratHTML({0x1049feba0?, 0x140001920e0}, {0x104991780, 0x1049fc2f0}, {0x1400005f9d8?, 0x2, 0x800?})
	/Users/keisukeyoshida/wow/todo_app_go/app/controllers/server.go:23 +0xd0
todo_app_go/app/controllers.top({0x1049feba0?, 0x140001920e0?}, 0x1400005fa3b?)
	/Users/keisukeyoshida/wow/todo_app_go/app/controllers/route_main.go:8 +0x74
net/http.HandlerFunc.ServeHTTP(0x72?, {0x1049feba0?, 0x140001920e0?}, 0x1044c5e20?)
	/usr/local/go/src/net/http/server.go:2084 +0x3c
net/http.(*ServeMux).ServeHTTP(0x0?, {0x1049feba0, 0x140001920e0}, 0x14000188200)
	/usr/local/go/src/net/http/server.go:2462 +0x144
net/http.serverHandler.ServeHTTP({0x1400009b7d0?}, {0x1049feba0, 0x140001920e0}, 0x14000188200)
	/usr/local/go/src/net/http/server.go:2916 +0x3fc
net/http.(*conn).serve(0x140000b54a0, {0x1049fee58, 0x1400009b560})
	/usr/local/go/src/net/http/server.go:1966 +0x56c
created by net/http.(*Server).Serve
	/usr/local/go/src/net/http/server.go:3071 +0x450
2022/05/20 00:09:44 server.go:3197: http: panic serving [::1]:53026: template: top.html:4: function "content" not defined
goroutine 50 [running]:
net/http.(*conn).serve.func1()
	/usr/local/go/src/net/http/server.go:1825 +0xb0
panic({0x1049a1140, 0x14000099240})
	/usr/local/go/src/runtime/panic.go:844 +0x258
html/template.Must(...)
	/usr/local/go/src/html/template/template.go:374
todo_app_go/app/controllers.GeneratHTML({0x1049feba0?, 0x140001921c0}, {0x104991780, 0x1049fc2f0}, {0x1400005f9d8?, 0x2, 0x800?})
	/Users/keisukeyoshida/wow/todo_app_go/app/controllers/server.go:23 +0xd0
todo_app_go/app/controllers.top({0x1049feba0?, 0x140001921c0?}, 0x1400005fa3b?)
	/Users/keisukeyoshida/wow/todo_app_go/app/controllers/route_main.go:8 +0x74
net/http.HandlerFunc.ServeHTTP(0x72?, {0x1049feba0?, 0x140001921c0?}, 0x1044c5e20?)
	/usr/local/go/src/net/http/server.go:2084 +0x3c
net/http.(*ServeMux).ServeHTTP(0x0?, {0x1049feba0, 0x140001921c0}, 0x14000188300)
	/usr/local/go/src/net/http/server.go:2462 +0x144
net/http.serverHandler.ServeHTTP({0x1400009bb30?}, {0x1049feba0, 0x140001921c0}, 0x14000188300)
	/usr/local/go/src/net/http/server.go:2916 +0x3fc
net/http.(*conn).serve(0x14000144000, {0x1049fee58, 0x1400009b560})
	/usr/local/go/src/net/http/server.go:1966 +0x56c
created by net/http.(*Server).Serve
	/usr/local/go/src/net/http/server.go:3071 +0x450
2022/05/20 00:09:44 server.go:3197: http: panic serving [::1]:53027: template: top.html:4: function "content" not defined
goroutine 51 [running]:
net/http.(*conn).serve.func1()
	/usr/local/go/src/net/http/server.go:1825 +0xb0
panic({0x1049a1140, 0x140000993a0})
	/usr/local/go/src/runtime/panic.go:844 +0x258
html/template.Must(...)
	/usr/local/go/src/html/template/template.go:374
todo_app_go/app/controllers.GeneratHTML({0x1049feba0?, 0x140001922a0}, {0x104991780, 0x1049fc2f0}, {0x1400005c9d8?, 0x2, 0x800?})
	/Users/keisukeyoshida/wow/todo_app_go/app/controllers/server.go:23 +0xd0
todo_app_go/app/controllers.top({0x1049feba0?, 0x140001922a0?}, 0x1400005ca3b?)
	/Users/keisukeyoshida/wow/todo_app_go/app/controllers/route_main.go:8 +0x74
net/http.HandlerFunc.ServeHTTP(0x72?, {0x1049feba0?, 0x140001922a0?}, 0x1044c5e20?)
	/usr/local/go/src/net/http/server.go:2084 +0x3c
net/http.(*ServeMux).ServeHTTP(0x0?, {0x1049feba0, 0x140001922a0}, 0x14000148000)
	/usr/local/go/src/net/http/server.go:2462 +0x144
net/http.serverHandler.ServeHTTP({0x14000116240?}, {0x1049feba0, 0x140001922a0}, 0x14000148000)
	/usr/local/go/src/net/http/server.go:2916 +0x3fc
net/http.(*conn).serve(0x140001440a0, {0x1049fee58, 0x1400009b560})
	/usr/local/go/src/net/http/server.go:1966 +0x56c
created by net/http.(*Server).Serve
	/usr/local/go/src/net/http/server.go:3071 +0x450
2022/05/20 00:09:44 server.go:3197: http: panic serving [::1]:53028: template: top.html:4: function "content" not defined
goroutine 38 [running]:
net/http.(*conn).serve.func1()
	/usr/local/go/src/net/http/server.go:1825 +0xb0
panic({0x1049a1140, 0x1400011a150})
	/usr/local/go/src/runtime/panic.go:844 +0x258
html/template.Must(...)
	/usr/local/go/src/html/template/template.go:374
todo_app_go/app/controllers.GeneratHTML({0x1049feba0?, 0x140002221c0}, {0x104991780, 0x1049fc2f0}, {0x1400005b9d8?, 0x2, 0x800?})
	/Users/keisukeyoshida/wow/todo_app_go/app/controllers/server.go:23 +0xd0
todo_app_go/app/controllers.top({0x1049feba0?, 0x140002221c0?}, 0x1400005ba3b?)
	/Users/keisukeyoshida/wow/todo_app_go/app/controllers/route_main.go:8 +0x74
net/http.HandlerFunc.ServeHTTP(0x72?, {0x1049feba0?, 0x140002221c0?}, 0x1044c5e20?)
	/usr/local/go/src/net/http/server.go:2084 +0x3c
net/http.(*ServeMux).ServeHTTP(0x0?, {0x1049feba0, 0x140002221c0}, 0x14000202100)
	/usr/local/go/src/net/http/server.go:2462 +0x144
net/http.serverHandler.ServeHTTP({0x14000200840?}, {0x1049feba0, 0x140002221c0}, 0x14000202100)
	/usr/local/go/src/net/http/server.go:2916 +0x3fc
net/http.(*conn).serve(0x1400026c000, {0x1049fee58, 0x1400009b560})
	/usr/local/go/src/net/http/server.go:1966 +0x56c
created by net/http.(*Server).Serve
	/usr/local/go/src/net/http/server.go:3071 +0x450
2022/05/20 00:09:52 server.go:3197: http: panic serving [::1]:53064: template: top.html:4: function "content" not defined
goroutine 20 [running]:
net/http.(*conn).serve.func1()
	/usr/local/go/src/net/http/server.go:1825 +0xb0
panic({0x10298d140, 0x14000098150})
	/usr/local/go/src/runtime/panic.go:844 +0x258
html/template.Must(...)
	/usr/local/go/src/html/template/template.go:374
todo_app_go/app/controllers.GeneratHTML({0x1029eaba0?, 0x140000b2000}, {0x10297d780, 0x1029e82f0}, {0x140001399d8?, 0x2, 0x800?})
	/Users/keisukeyoshida/wow/todo_app_go/app/controllers/server.go:23 +0xd0
todo_app_go/app/controllers.top({0x1029eaba0?, 0x140000b2000?}, 0x1400005ba3b?)
	/Users/keisukeyoshida/wow/todo_app_go/app/controllers/route_main.go:8 +0x74
net/http.HandlerFunc.ServeHTTP(0x72?, {0x1029eaba0?, 0x140000b2000?}, 0x1024b1e20?)
	/usr/local/go/src/net/http/server.go:2084 +0x3c
net/http.(*ServeMux).ServeHTTP(0x0?, {0x1029eaba0, 0x140000b2000}, 0x14000188200)
	/usr/local/go/src/net/http/server.go:2462 +0x144
net/http.serverHandler.ServeHTTP({0x14000094030?}, {0x1029eaba0, 0x140000b2000}, 0x14000188200)
	/usr/local/go/src/net/http/server.go:2916 +0x3fc
net/http.(*conn).serve(0x14000137400, {0x1029eae58, 0x1400011d560})
	/usr/local/go/src/net/http/server.go:1966 +0x56c
created by net/http.(*Server).Serve
	/usr/local/go/src/net/http/server.go:3071 +0x450
2022/05/20 00:09:52 server.go:3197: http: panic serving [::1]:53065: template: top.html:4: function "content" not defined
goroutine 21 [running]:
net/http.(*conn).serve.func1()
	/usr/local/go/src/net/http/server.go:1825 +0xb0
panic({0x10298d140, 0x140000982b0})
	/usr/local/go/src/runtime/panic.go:844 +0x258
html/template.Must(...)
	/usr/local/go/src/html/template/template.go:374
todo_app_go/app/controllers.GeneratHTML({0x1029eaba0?, 0x140000b20e0}, {0x10297d780, 0x1029e82f0}, {0x1400013f9d8?, 0x2, 0x800?})
	/Users/keisukeyoshida/wow/todo_app_go/app/controllers/server.go:23 +0xd0
todo_app_go/app/controllers.top({0x1029eaba0?, 0x140000b20e0?}, 0x1400013fa3b?)
	/Users/keisukeyoshida/wow/todo_app_go/app/controllers/route_main.go:8 +0x74
net/http.HandlerFunc.ServeHTTP(0x72?, {0x1029eaba0?, 0x140000b20e0?}, 0x1024b1e20?)
	/usr/local/go/src/net/http/server.go:2084 +0x3c
net/http.(*ServeMux).ServeHTTP(0x0?, {0x1029eaba0, 0x140000b20e0}, 0x14000188100)
	/usr/local/go/src/net/http/server.go:2462 +0x144
net/http.serverHandler.ServeHTTP({0x1400011d6b0?}, {0x1029eaba0, 0x140000b20e0}, 0x14000188100)
	/usr/local/go/src/net/http/server.go:2916 +0x3fc
net/http.(*conn).serve(0x140001374a0, {0x1029eae58, 0x1400011d560})
	/usr/local/go/src/net/http/server.go:1966 +0x56c
created by net/http.(*Server).Serve
	/usr/local/go/src/net/http/server.go:3071 +0x450
2022/05/20 00:09:52 server.go:3197: http: panic serving [::1]:53066: template: top.html:4: function "content" not defined
goroutine 22 [running]:
net/http.(*conn).serve.func1()
	/usr/local/go/src/net/http/server.go:1825 +0xb0
panic({0x10298d140, 0x14000012080})
	/usr/local/go/src/runtime/panic.go:844 +0x258
html/template.Must(...)
	/usr/local/go/src/html/template/template.go:374
todo_app_go/app/controllers.GeneratHTML({0x1029eaba0?, 0x140001920e0}, {0x10297d780, 0x1029e82f0}, {0x1400005f9d8?, 0x2, 0x800?})
	/Users/keisukeyoshida/wow/todo_app_go/app/controllers/server.go:23 +0xd0
todo_app_go/app/controllers.top({0x1029eaba0?, 0x140001920e0?}, 0x1400005fa3b?)
	/Users/keisukeyoshida/wow/todo_app_go/app/controllers/route_main.go:8 +0x74
net/http.HandlerFunc.ServeHTTP(0x72?, {0x1029eaba0?, 0x140001920e0?}, 0x1024b1e20?)
	/usr/local/go/src/net/http/server.go:2084 +0x3c
net/http.(*ServeMux).ServeHTTP(0x0?, {0x1029eaba0, 0x140001920e0}, 0x14000188300)
	/usr/local/go/src/net/http/server.go:2462 +0x144
net/http.serverHandler.ServeHTTP({0x1400011d800?}, {0x1029eaba0, 0x140001920e0}, 0x14000188300)
	/usr/local/go/src/net/http/server.go:2916 +0x3fc
net/http.(*conn).serve(0x14000137540, {0x1029eae58, 0x1400011d560})
	/usr/local/go/src/net/http/server.go:1966 +0x56c
created by net/http.(*Server).Serve
	/usr/local/go/src/net/http/server.go:3071 +0x450
2022/05/20 00:10:52 server.go:3197: http: panic serving [::1]:53312: template: top.html:4: function "content" not defined
goroutine 5 [running]:
net/http.(*conn).serve.func1()
	/usr/local/go/src/net/http/server.go:1825 +0xb0
panic({0x10298d140, 0x14000098410})
	/usr/local/go/src/runtime/panic.go:844 +0x258
html/template.Must(...)
	/usr/local/go/src/html/template/template.go:374
todo_app_go/app/controllers.GeneratHTML({0x1029eaba0?, 0x140000b21c0}, {0x10297d780, 0x1029e82f0}, {0x140000619d8?, 0x2, 0x800?})
	/Users/keisukeyoshida/wow/todo_app_go/app/controllers/server.go:23 +0xd0
todo_app_go/app/controllers.top({0x1029eaba0?, 0x140000b21c0?}, 0x14000061a3b?)
	/Users/keisukeyoshida/wow/todo_app_go/app/controllers/route_main.go:8 +0x74
net/http.HandlerFunc.ServeHTTP(0x72?, {0x1029eaba0?, 0x140000b21c0?}, 0x1024b1e20?)
	/usr/local/go/src/net/http/server.go:2084 +0x3c
net/http.(*ServeMux).ServeHTTP(0x0?, {0x1029eaba0, 0x140000b21c0}, 0x14000224100)
	/usr/local/go/src/net/http/server.go:2462 +0x144
net/http.serverHandler.ServeHTTP({0x14000076210?}, {0x1029eaba0, 0x140000b21c0}, 0x14000224100)
	/usr/local/go/src/net/http/server.go:2916 +0x3fc
net/http.(*conn).serve(0x14000222000, {0x1029eae58, 0x1400011d560})
	/usr/local/go/src/net/http/server.go:1966 +0x56c
created by net/http.(*Server).Serve
	/usr/local/go/src/net/http/server.go:3071 +0x450
2022/05/20 00:10:52 server.go:3197: http: panic serving [::1]:53313: template: top.html:4: function "content" not defined
goroutine 6 [running]:
net/http.(*conn).serve.func1()
	/usr/local/go/src/net/http/server.go:1825 +0xb0
panic({0x10298d140, 0x14000098570})
	/usr/local/go/src/runtime/panic.go:844 +0x258
html/template.Must(...)
	/usr/local/go/src/html/template/template.go:374
todo_app_go/app/controllers.GeneratHTML({0x1029eaba0?, 0x140000b22a0}, {0x10297d780, 0x1029e82f0}, {0x140000609d8?, 0x2, 0x800?})
	/Users/keisukeyoshida/wow/todo_app_go/app/controllers/server.go:23 +0xd0
todo_app_go/app/controllers.top({0x1029eaba0?, 0x140000b22a0?}, 0x14000060a3b?)
	/Users/keisukeyoshida/wow/todo_app_go/app/controllers/route_main.go:8 +0x74
net/http.HandlerFunc.ServeHTTP(0x72?, {0x1029eaba0?, 0x140000b22a0?}, 0x1024b1e20?)
	/usr/local/go/src/net/http/server.go:2084 +0x3c
net/http.(*ServeMux).ServeHTTP(0x0?, {0x1029eaba0, 0x140000b22a0}, 0x14000224000)
	/usr/local/go/src/net/http/server.go:2462 +0x144
net/http.serverHandler.ServeHTTP({0x14000076180?}, {0x1029eaba0, 0x140000b22a0}, 0x14000224000)
	/usr/local/go/src/net/http/server.go:2916 +0x3fc
net/http.(*conn).serve(0x140002220a0, {0x1029eae58, 0x1400011d560})
	/usr/local/go/src/net/http/server.go:1966 +0x56c
created by net/http.(*Server).Serve
	/usr/local/go/src/net/http/server.go:3071 +0x450
2022/05/20 00:10:52 server.go:3197: http: panic serving [::1]:53314: template: top.html:4: function "content" not defined
goroutine 46 [running]:
net/http.(*conn).serve.func1()
	/usr/local/go/src/net/http/server.go:1825 +0xb0
panic({0x10298d140, 0x140000986e0})
	/usr/local/go/src/runtime/panic.go:844 +0x258
html/template.Must(...)
	/usr/local/go/src/html/template/template.go:374
todo_app_go/app/controllers.GeneratHTML({0x1029eaba0?, 0x140000b2380}, {0x10297d780, 0x1029e82f0}, {0x140000609d8?, 0x2, 0x800?})
	/Users/keisukeyoshida/wow/todo_app_go/app/controllers/server.go:23 +0xd0
todo_app_go/app/controllers.top({0x1029eaba0?, 0x140000b2380?}, 0x14000060a3b?)
	/Users/keisukeyoshida/wow/todo_app_go/app/controllers/route_main.go:8 +0x74
net/http.HandlerFunc.ServeHTTP(0x72?, {0x1029eaba0?, 0x140000b2380?}, 0x1024b1e20?)
	/usr/local/go/src/net/http/server.go:2084 +0x3c
net/http.(*ServeMux).ServeHTTP(0x0?, {0x1029eaba0, 0x140000b2380}, 0x140000fe000)
	/usr/local/go/src/net/http/server.go:2462 +0x144
net/http.serverHandler.ServeHTTP({0x140000958c0?}, {0x1029eaba0, 0x140000b2380}, 0x140000fe000)
	/usr/local/go/src/net/http/server.go:2916 +0x3fc
net/http.(*conn).serve(0x140000fc000, {0x1029eae58, 0x1400011d560})
	/usr/local/go/src/net/http/server.go:1966 +0x56c
created by net/http.(*Server).Serve
	/usr/local/go/src/net/http/server.go:3071 +0x450
2022/05/29 07:48:45 server.go:3197: http: panic serving [::1]:63328: runtime error: invalid memory address or nil pointer dereference
goroutine 20 [running]:
net/http.(*conn).serve.func1()
	/usr/local/go/src/net/http/server.go:1825 +0xb0
panic({0x102b31f40, 0x102d87fb0})
	/usr/local/go/src/runtime/panic.go:844 +0x258
html/template.(*Template).escape(0x1400005f998?)
	/usr/local/go/src/html/template/template.go:97 +0x28
html/template.(*Template).Execute(0x0, {0x102b84bf8, 0x140000b0000}, {0x0, 0x0})
	/usr/local/go/src/html/template/template.go:121 +0x34
todo_app_go/app/controllers.top({0x102b86bb0?, 0x140000b0000}, 0x1400005fa3b?)
	/Users/keisukeyoshida/wow/todo_app_go/app/controllers/route_main.go:10 +0x88
net/http.HandlerFunc.ServeHTTP(0x72?, {0x102b86bb0?, 0x140000b0000?}, 0x10264d890?)
	/usr/local/go/src/net/http/server.go:2084 +0x3c
net/http.(*ServeMux).ServeHTTP(0x0?, {0x102b86bb0, 0x140000b0000}, 0x14000188200)
	/usr/local/go/src/net/http/server.go:2462 +0x144
net/http.serverHandler.ServeHTTP({0x1400011d770?}, {0x102b86bb0, 0x140000b0000}, 0x14000188200)
	/usr/local/go/src/net/http/server.go:2916 +0x3fc
net/http.(*conn).serve(0x14000137360, {0x102b86e68, 0x1400011d560})
	/usr/local/go/src/net/http/server.go:1966 +0x56c
created by net/http.(*Server).Serve
	/usr/local/go/src/net/http/server.go:3071 +0x450
2022/05/29 07:48:45 server.go:3197: http: panic serving [::1]:63329: runtime error: invalid memory address or nil pointer dereference
goroutine 21 [running]:
net/http.(*conn).serve.func1()
	/usr/local/go/src/net/http/server.go:1825 +0xb0
panic({0x102b31f40, 0x102d87fb0})
	/usr/local/go/src/runtime/panic.go:844 +0x258
html/template.(*Template).escape(0x1400013f998?)
	/usr/local/go/src/html/template/template.go:97 +0x28
html/template.(*Template).Execute(0x0, {0x102b84bf8, 0x140000b00e0}, {0x0, 0x0})
	/usr/local/go/src/html/template/template.go:121 +0x34
todo_app_go/app/controllers.top({0x102b86bb0?, 0x140000b00e0}, 0x1400013fa3b?)
	/Users/keisukeyoshida/wow/todo_app_go/app/controllers/route_main.go:10 +0x88
net/http.HandlerFunc.ServeHTTP(0x72?, {0x102b86bb0?, 0x140000b00e0?}, 0x10264d890?)
	/usr/local/go/src/net/http/server.go:2084 +0x3c
net/http.(*ServeMux).ServeHTTP(0x0?, {0x102b86bb0, 0x140000b00e0}, 0x14000188100)
	/usr/local/go/src/net/http/server.go:2462 +0x144
net/http.serverHandler.ServeHTTP({0x1400011d6b0?}, {0x102b86bb0, 0x140000b00e0}, 0x14000188100)
	/usr/local/go/src/net/http/server.go:2916 +0x3fc
net/http.(*conn).serve(0x14000137400, {0x102b86e68, 0x1400011d560})
	/usr/local/go/src/net/http/server.go:1966 +0x56c
created by net/http.(*Server).Serve
	/usr/local/go/src/net/http/server.go:3071 +0x450
2022/05/29 07:48:45 server.go:3197: http: panic serving [::1]:63330: runtime error: invalid memory address or nil pointer dereference
goroutine 22 [running]:
net/http.(*conn).serve.func1()
	/usr/local/go/src/net/http/server.go:1825 +0xb0
panic({0x102b31f40, 0x102d87fb0})
	/usr/local/go/src/runtime/panic.go:844 +0x258
html/template.(*Template).escape(0x140001a4998?)
	/usr/local/go/src/html/template/template.go:97 +0x28
html/template.(*Template).Execute(0x0, {0x102b84bf8, 0x140001920e0}, {0x0, 0x0})
	/usr/local/go/src/html/template/template.go:121 +0x34
todo_app_go/app/controllers.top({0x102b86bb0?, 0x140001920e0}, 0x140001a4a3b?)
	/Users/keisukeyoshida/wow/todo_app_go/app/controllers/route_main.go:10 +0x88
net/http.HandlerFunc.ServeHTTP(0x72?, {0x102b86bb0?, 0x140001920e0?}, 0x10264d890?)
	/usr/local/go/src/net/http/server.go:2084 +0x3c
net/http.(*ServeMux).ServeHTTP(0x0?, {0x102b86bb0, 0x140001920e0}, 0x14000188300)
	/usr/local/go/src/net/http/server.go:2462 +0x144
net/http.serverHandler.ServeHTTP({0x1400011d860?}, {0x102b86bb0, 0x140001920e0}, 0x14000188300)
	/usr/local/go/src/net/http/server.go:2916 +0x3fc
net/http.(*conn).serve(0x140001374a0, {0x102b86e68, 0x1400011d560})
	/usr/local/go/src/net/http/server.go:1966 +0x56c
created by net/http.(*Server).Serve
	/usr/local/go/src/net/http/server.go:3071 +0x450
2022/05/29 07:48:46 server.go:3197: http: panic serving [::1]:63340: runtime error: invalid memory address or nil pointer dereference
goroutine 50 [running]:
net/http.(*conn).serve.func1()
	/usr/local/go/src/net/http/server.go:1825 +0xb0
panic({0x102b31f40, 0x102d87fb0})
	/usr/local/go/src/runtime/panic.go:844 +0x258
html/template.(*Template).escape(0x140001a4998?)
	/usr/local/go/src/html/template/template.go:97 +0x28
html/template.(*Template).Execute(0x0, {0x102b84bf8, 0x14000232000}, {0x0, 0x0})
	/usr/local/go/src/html/template/template.go:121 +0x34
todo_app_go/app/controllers.top({0x102b86bb0?, 0x14000232000}, 0x140001a4a3b?)
	/Users/keisukeyoshida/wow/todo_app_go/app/controllers/route_main.go:10 +0x88
net/http.HandlerFunc.ServeHTTP(0x72?, {0x102b86bb0?, 0x14000232000?}, 0x10264d890?)
	/usr/local/go/src/net/http/server.go:2084 +0x3c
net/http.(*ServeMux).ServeHTTP(0x0?, {0x102b86bb0, 0x14000232000}, 0x14000188400)
	/usr/local/go/src/net/http/server.go:2462 +0x144
net/http.serverHandler.ServeHTTP({0x1400011d980?}, {0x102b86bb0, 0x14000232000}, 0x14000188400)
	/usr/local/go/src/net/http/server.go:2916 +0x3fc
net/http.(*conn).serve(0x14000208000, {0x102b86e68, 0x1400011d560})
	/usr/local/go/src/net/http/server.go:1966 +0x56c
created by net/http.(*Server).Serve
	/usr/local/go/src/net/http/server.go:3071 +0x450
2022/05/29 07:48:46 server.go:3197: http: panic serving [::1]:63341: runtime error: invalid memory address or nil pointer dereference
goroutine 51 [running]:
net/http.(*conn).serve.func1()
	/usr/local/go/src/net/http/server.go:1825 +0xb0
panic({0x102b31f40, 0x102d87fb0})
	/usr/local/go/src/runtime/panic.go:844 +0x258
html/template.(*Template).escape(0x140001a0998?)
	/usr/local/go/src/html/template/template.go:97 +0x28
html/template.(*Template).Execute(0x0, {0x102b84bf8, 0x14000284000}, {0x0, 0x0})
	/usr/local/go/src/html/template/template.go:121 +0x34
todo_app_go/app/controllers.top({0x102b86bb0?, 0x14000284000}, 0x140001a0a3b?)
	/Users/keisukeyoshida/wow/todo_app_go/app/controllers/route_main.go:10 +0x88
net/http.HandlerFunc.ServeHTTP(0x72?, {0x102b86bb0?, 0x14000284000?}, 0x10264d890?)
	/usr/local/go/src/net/http/server.go:2084 +0x3c
net/http.(*ServeMux).ServeHTTP(0x0?, {0x102b86bb0, 0x14000284000}, 0x14000218000)
	/usr/local/go/src/net/http/server.go:2462 +0x144
net/http.serverHandler.ServeHTTP({0x140002040f0?}, {0x102b86bb0, 0x14000284000}, 0x14000218000)
	/usr/local/go/src/net/http/server.go:2916 +0x3fc
net/http.(*conn).serve(0x140002080a0, {0x102b86e68, 0x1400011d560})
	/usr/local/go/src/net/http/server.go:1966 +0x56c
created by net/http.(*Server).Serve
	/usr/local/go/src/net/http/server.go:3071 +0x450
2022/05/29 07:48:46 server.go:3197: http: panic serving [::1]:63342: runtime error: invalid memory address or nil pointer dereference
goroutine 6 [running]:
net/http.(*conn).serve.func1()
	/usr/local/go/src/net/http/server.go:1825 +0xb0
panic({0x102b31f40, 0x102d87fb0})
	/usr/local/go/src/runtime/panic.go:844 +0x258
html/template.(*Template).escape(0x140001a0998?)
	/usr/local/go/src/html/template/template.go:97 +0x28
html/template.(*Template).Execute(0x0, {0x102b84bf8, 0x140002840e0}, {0x0, 0x0})
	/usr/local/go/src/html/template/template.go:121 +0x34
todo_app_go/app/controllers.top({0x102b86bb0?, 0x140002840e0}, 0x140001a0a3b?)
	/Users/keisukeyoshida/wow/todo_app_go/app/controllers/route_main.go:10 +0x88
net/http.HandlerFunc.ServeHTTP(0x72?, {0x102b86bb0?, 0x140002840e0?}, 0x10264d890?)
	/usr/local/go/src/net/http/server.go:2084 +0x3c
net/http.(*ServeMux).ServeHTTP(0x0?, {0x102b86bb0, 0x140002840e0}, 0x140002a2000)
	/usr/local/go/src/net/http/server.go:2462 +0x144
net/http.serverHandler.ServeHTTP({0x1400007a1b0?}, {0x102b86bb0, 0x140002840e0}, 0x140002a2000)
	/usr/local/go/src/net/http/server.go:2916 +0x3fc
net/http.(*conn).serve(0x140002a0000, {0x102b86e68, 0x1400011d560})
	/usr/local/go/src/net/http/server.go:1966 +0x56c
created by net/http.(*Server).Serve
	/usr/local/go/src/net/http/server.go:3071 +0x450
2022/05/29 07:48:51 server.go:3197: http: panic serving [::1]:63370: runtime error: invalid memory address or nil pointer dereference
goroutine 53 [running]:
net/http.(*conn).serve.func1()
	/usr/local/go/src/net/http/server.go:1825 +0xb0
panic({0x102b31f40, 0x102d87fb0})
	/usr/local/go/src/runtime/panic.go:844 +0x258
html/template.(*Template).escape(0x140001a0998?)
	/usr/local/go/src/html/template/template.go:97 +0x28
html/template.(*Template).Execute(0x0, {0x102b84bf8, 0x140002841c0}, {0x0, 0x0})
	/usr/local/go/src/html/template/template.go:121 +0x34
todo_app_go/app/controllers.top({0x102b86bb0?, 0x140002841c0}, 0x140001a0a3b?)
	/Users/keisukeyoshida/wow/todo_app_go/app/controllers/route_main.go:10 +0x88
net/http.HandlerFunc.ServeHTTP(0x72?, {0x102b86bb0?, 0x140002841c0?}, 0x10264d890?)
	/usr/local/go/src/net/http/server.go:2084 +0x3c
net/http.(*ServeMux).ServeHTTP(0x0?, {0x102b86bb0, 0x140002841c0}, 0x140002a2100)
	/usr/local/go/src/net/http/server.go:2462 +0x144
net/http.serverHandler.ServeHTTP({0x1400007a2d0?}, {0x102b86bb0, 0x140002841c0}, 0x140002a2100)
	/usr/local/go/src/net/http/server.go:2916 +0x3fc
net/http.(*conn).serve(0x14000208140, {0x102b86e68, 0x1400011d560})
	/usr/local/go/src/net/http/server.go:1966 +0x56c
created by net/http.(*Server).Serve
	/usr/local/go/src/net/http/server.go:3071 +0x450
2022/05/29 07:48:51 server.go:3197: http: panic serving [::1]:63371: runtime error: invalid memory address or nil pointer dereference
goroutine 54 [running]:
net/http.(*conn).serve.func1()
	/usr/local/go/src/net/http/server.go:1825 +0xb0
panic({0x102b31f40, 0x102d87fb0})
	/usr/local/go/src/runtime/panic.go:844 +0x258
html/template.(*Template).escape(0x140001a4998?)
	/usr/local/go/src/html/template/template.go:97 +0x28
html/template.(*Template).Execute(0x0, {0x102b84bf8, 0x140001921c0}, {0x0, 0x0})
	/usr/local/go/src/html/template/template.go:121 +0x34
todo_app_go/app/controllers.top({0x102b86bb0?, 0x140001921c0}, 0x140001a4a3b?)
	/Users/keisukeyoshida/wow/todo_app_go/app/controllers/route_main.go:10 +0x88
net/http.HandlerFunc.ServeHTTP(0x72?, {0x102b86bb0?, 0x140001921c0?}, 0x10264d890?)
	/usr/local/go/src/net/http/server.go:2084 +0x3c
net/http.(*ServeMux).ServeHTTP(0x0?, {0x102b86bb0, 0x140001921c0}, 0x14000218200)
	/usr/local/go/src/net/http/server.go:2462 +0x144
net/http.serverHandler.ServeHTTP({0x14000204300?}, {0x102b86bb0, 0x140001921c0}, 0x14000218200)
	/usr/local/go/src/net/http/server.go:2916 +0x3fc
net/http.(*conn).serve(0x140002081e0, {0x102b86e68, 0x1400011d560})
	/usr/local/go/src/net/http/server.go:1966 +0x56c
created by net/http.(*Server).Serve
	/usr/local/go/src/net/http/server.go:3071 +0x450
2022/05/29 07:48:51 server.go:3197: http: panic serving [::1]:63372: runtime error: invalid memory address or nil pointer dereference
goroutine 25 [running]:
net/http.(*conn).serve.func1()
	/usr/local/go/src/net/http/server.go:1825 +0xb0
panic({0x102b31f40, 0x102d87fb0})
	/usr/local/go/src/runtime/panic.go:844 +0x258
html/template.(*Template).escape(0x140001a4998?)
	/usr/local/go/src/html/template/template.go:97 +0x28
html/template.(*Template).Execute(0x0, {0x102b84bf8, 0x140001922a0}, {0x0, 0x0})
	/usr/local/go/src/html/template/template.go:121 +0x34
todo_app_go/app/controllers.top({0x102b86bb0?, 0x140001922a0}, 0x140001a4a3b?)
	/Users/keisukeyoshida/wow/todo_app_go/app/controllers/route_main.go:10 +0x88
net/http.HandlerFunc.ServeHTTP(0x72?, {0x102b86bb0?, 0x140001922a0?}, 0x10264d890?)
	/usr/local/go/src/net/http/server.go:2084 +0x3c
net/http.(*ServeMux).ServeHTTP(0x0?, {0x102b86bb0, 0x140001922a0}, 0x14000188500)
	/usr/local/go/src/net/http/server.go:2462 +0x144
net/http.serverHandler.ServeHTTP({0x1400011db00?}, {0x102b86bb0, 0x140001922a0}, 0x14000188500)
	/usr/local/go/src/net/http/server.go:2916 +0x3fc
net/http.(*conn).serve(0x14000137540, {0x102b86e68, 0x1400011d560})
	/usr/local/go/src/net/http/server.go:1966 +0x56c
created by net/http.(*Server).Serve
	/usr/local/go/src/net/http/server.go:3071 +0x450
2022/05/29 07:49:21 server.go:3197: http: panic serving [::1]:63537: runtime error: invalid memory address or nil pointer dereference
goroutine 27 [running]:
net/http.(*conn).serve.func1()
	/usr/local/go/src/net/http/server.go:1825 +0xb0
panic({0x102b31f40, 0x102d87fb0})
	/usr/local/go/src/runtime/panic.go:844 +0x258
html/template.(*Template).escape(0x140001a0998?)
	/usr/local/go/src/html/template/template.go:97 +0x28
html/template.(*Template).Execute(0x0, {0x102b84bf8, 0x14000192380}, {0x0, 0x0})
	/usr/local/go/src/html/template/template.go:121 +0x34
todo_app_go/app/controllers.top({0x102b86bb0?, 0x14000192380}, 0x140001a0a3b?)
	/Users/keisukeyoshida/wow/todo_app_go/app/controllers/route_main.go:10 +0x88
net/http.HandlerFunc.ServeHTTP(0x72?, {0x102b86bb0?, 0x14000192380?}, 0x10264d890?)
	/usr/local/go/src/net/http/server.go:2084 +0x3c
net/http.(*ServeMux).ServeHTTP(0x0?, {0x102b86bb0, 0x14000192380}, 0x140002a2200)
	/usr/local/go/src/net/http/server.go:2462 +0x144
net/http.serverHandler.ServeHTTP({0x1400007a3f0?}, {0x102b86bb0, 0x14000192380}, 0x140002a2200)
	/usr/local/go/src/net/http/server.go:2916 +0x3fc
net/http.(*conn).serve(0x140001375e0, {0x102b86e68, 0x1400011d560})
	/usr/local/go/src/net/http/server.go:1966 +0x56c
created by net/http.(*Server).Serve
	/usr/local/go/src/net/http/server.go:3071 +0x450
2022/05/29 07:49:21 server.go:3197: http: panic serving [::1]:63538: runtime error: invalid memory address or nil pointer dereference
goroutine 28 [running]:
net/http.(*conn).serve.func1()
	/usr/local/go/src/net/http/server.go:1825 +0xb0
panic({0x102b31f40, 0x102d87fb0})
	/usr/local/go/src/runtime/panic.go:844 +0x258
html/template.(*Template).escape(0x140001a4998?)
	/usr/local/go/src/html/template/template.go:97 +0x28
html/template.(*Template).Execute(0x0, {0x102b84bf8, 0x14000192460}, {0x0, 0x0})
	/usr/local/go/src/html/template/template.go:121 +0x34
todo_app_go/app/controllers.top({0x102b86bb0?, 0x14000192460}, 0x140001a4a3b?)
	/Users/keisukeyoshida/wow/todo_app_go/app/controllers/route_main.go:10 +0x88
net/http.HandlerFunc.ServeHTTP(0x72?, {0x102b86bb0?, 0x14000192460?}, 0x10264d890?)
	/usr/local/go/src/net/http/server.go:2084 +0x3c
net/http.(*ServeMux).ServeHTTP(0x0?, {0x102b86bb0, 0x14000192460}, 0x14000188600)
	/usr/local/go/src/net/http/server.go:2462 +0x144
net/http.serverHandler.ServeHTTP({0x1400011dce0?}, {0x102b86bb0, 0x14000192460}, 0x14000188600)
	/usr/local/go/src/net/http/server.go:2916 +0x3fc
net/http.(*conn).serve(0x14000137680, {0x102b86e68, 0x1400011d560})
	/usr/local/go/src/net/http/server.go:1966 +0x56c
created by net/http.(*Server).Serve
	/usr/local/go/src/net/http/server.go:3071 +0x450
2022/05/29 07:49:21 server.go:3197: http: panic serving [::1]:63539: runtime error: invalid memory address or nil pointer dereference
goroutine 9 [running]:
net/http.(*conn).serve.func1()
	/usr/local/go/src/net/http/server.go:1825 +0xb0
panic({0x102b31f40, 0x102d87fb0})
	/usr/local/go/src/runtime/panic.go:844 +0x258
html/template.(*Template).escape(0x14000060998?)
	/usr/local/go/src/html/template/template.go:97 +0x28
html/template.(*Template).Execute(0x0, {0x102b84bf8, 0x140002842a0}, {0x0, 0x0})
	/usr/local/go/src/html/template/template.go:121 +0x34
todo_app_go/app/controllers.top({0x102b86bb0?, 0x140002842a0}, 0x14000060a3b?)
	/Users/keisukeyoshida/wow/todo_app_go/app/controllers/route_main.go:10 +0x88
net/http.HandlerFunc.ServeHTTP(0x72?, {0x102b86bb0?, 0x140002842a0?}, 0x10264d890?)
	/usr/local/go/src/net/http/server.go:2084 +0x3c
net/http.(*ServeMux).ServeHTTP(0x0?, {0x102b86bb0, 0x140002842a0}, 0x140002a2300)
	/usr/local/go/src/net/http/server.go:2462 +0x144
net/http.serverHandler.ServeHTTP({0x1400007a4b0?}, {0x102b86bb0, 0x140002842a0}, 0x140002a2300)
	/usr/local/go/src/net/http/server.go:2916 +0x3fc
net/http.(*conn).serve(0x140002a00a0, {0x102b86e68, 0x1400011d560})
	/usr/local/go/src/net/http/server.go:1966 +0x56c
created by net/http.(*Server).Serve
	/usr/local/go/src/net/http/server.go:3071 +0x450
2022/05/29 20:38:00 server.go:3197: http: panic serving [::1]:55720: template: signup.html:1: unexpected "}}" in define clause
goroutine 20 [running]:
net/http.(*conn).serve.func1()
	/usr/local/go/src/net/http/server.go:1825 +0xb0
panic({0x104751da0, 0x1400011b130})
	/usr/local/go/src/runtime/panic.go:844 +0x258
html/template.Must(...)
	/usr/local/go/src/html/template/template.go:374
todo_app_go/app/controllers.generateHTML({0x1047afe80?, 0x140000be0e0}, {0x0, 0x0}, {0x140000db9c8?, 0x3?, 0x0?})
	/Users/keisukeyoshida/wow/todo_app_go/app/controllers/server.go:19 +0x168
todo_app_go/app/controllers.signup({0x1047afe80?, 0x140000be0e0?}, 0x140000dba3b?)
	/Users/keisukeyoshida/wow/todo_app_go/app/controllers/route_auth.go:6 +0x80
net/http.HandlerFunc.ServeHTTP(0x72?, {0x1047afe80?, 0x140000be0e0?}, 0x10426e3d0?)
	/usr/local/go/src/net/http/server.go:2084 +0x3c
net/http.(*ServeMux).ServeHTTP(0x0?, {0x1047afe80, 0x140000be0e0}, 0x140000a8100)
	/usr/local/go/src/net/http/server.go:2462 +0x144
net/http.serverHandler.ServeHTTP({0x14000094030?}, {0x1047afe80, 0x140000be0e0}, 0x140000a8100)
	/usr/local/go/src/net/http/server.go:2916 +0x3fc
net/http.(*conn).serve(0x14000137360, {0x1047b0138, 0x1400011d560})
	/usr/local/go/src/net/http/server.go:1966 +0x56c
created by net/http.(*Server).Serve
	/usr/local/go/src/net/http/server.go:3071 +0x450
2022/05/29 20:38:00 server.go:3197: http: panic serving [::1]:55721: template: signup.html:1: unexpected "}}" in define clause
goroutine 21 [running]:
net/http.(*conn).serve.func1()
	/usr/local/go/src/net/http/server.go:1825 +0xb0
panic({0x104751da0, 0x1400011b350})
	/usr/local/go/src/runtime/panic.go:844 +0x258
html/template.Must(...)
	/usr/local/go/src/html/template/template.go:374
todo_app_go/app/controllers.generateHTML({0x1047afe80?, 0x140001920e0}, {0x0, 0x0}, {0x1400005f9c8?, 0x3?, 0x0?})
	/Users/keisukeyoshida/wow/todo_app_go/app/controllers/server.go:19 +0x168
todo_app_go/app/controllers.signup({0x1047afe80?, 0x140001920e0?}, 0x1400005fa3b?)
	/Users/keisukeyoshida/wow/todo_app_go/app/controllers/route_auth.go:6 +0x80
net/http.HandlerFunc.ServeHTTP(0x72?, {0x1047afe80?, 0x140001920e0?}, 0x10426e3d0?)
	/usr/local/go/src/net/http/server.go:2084 +0x3c
net/http.(*ServeMux).ServeHTTP(0x0?, {0x1047afe80, 0x140001920e0}, 0x14000078000)
	/usr/local/go/src/net/http/server.go:2462 +0x144
net/http.serverHandler.ServeHTTP({0x1400011d6b0?}, {0x1047afe80, 0x140001920e0}, 0x14000078000)
	/usr/local/go/src/net/http/server.go:2916 +0x3fc
net/http.(*conn).serve(0x14000137400, {0x1047b0138, 0x1400011d560})
	/usr/local/go/src/net/http/server.go:1966 +0x56c
created by net/http.(*Server).Serve
	/usr/local/go/src/net/http/server.go:3071 +0x450
2022/05/29 20:38:00 server.go:3197: http: panic serving [::1]:55730: template: signup.html:1: unexpected "}}" in define clause
goroutine 28 [running]:
net/http.(*conn).serve.func1()
	/usr/local/go/src/net/http/server.go:1825 +0xb0
panic({0x104751da0, 0x1400011b580})
	/usr/local/go/src/runtime/panic.go:844 +0x258
html/template.Must(...)
	/usr/local/go/src/html/template/template.go:374
todo_app_go/app/controllers.generateHTML({0x1047afe80?, 0x140001921c0}, {0x0, 0x0}, {0x1400005f9c8?, 0x3?, 0x0?})
	/Users/keisukeyoshida/wow/todo_app_go/app/controllers/server.go:19 +0x168
todo_app_go/app/controllers.signup({0x1047afe80?, 0x140001921c0?}, 0x1400005fa3b?)
	/Users/keisukeyoshida/wow/todo_app_go/app/controllers/route_auth.go:6 +0x80
net/http.HandlerFunc.ServeHTTP(0x72?, {0x1047afe80?, 0x140001921c0?}, 0x10426e3d0?)
	/usr/local/go/src/net/http/server.go:2084 +0x3c
net/http.(*ServeMux).ServeHTTP(0x0?, {0x1047afe80, 0x140001921c0}, 0x14000188100)
	/usr/local/go/src/net/http/server.go:2462 +0x144
net/http.serverHandler.ServeHTTP({0x140001be180?}, {0x1047afe80, 0x140001921c0}, 0x14000188100)
	/usr/local/go/src/net/http/server.go:2916 +0x3fc
net/http.(*conn).serve(0x140001374a0, {0x1047b0138, 0x1400011d560})
	/usr/local/go/src/net/http/server.go:1966 +0x56c
created by net/http.(*Server).Serve
	/usr/local/go/src/net/http/server.go:3071 +0x450
2022/05/29 20:38:01 server.go:3197: http: panic serving [::1]:55735: template: signup.html:1: unexpected "}}" in define clause
goroutine 50 [running]:
net/http.(*conn).serve.func1()
	/usr/local/go/src/net/http/server.go:1825 +0xb0
panic({0x104751da0, 0x1400021c210})
	/usr/local/go/src/runtime/panic.go:844 +0x258
html/template.Must(...)
	/usr/local/go/src/html/template/template.go:374
todo_app_go/app/controllers.generateHTML({0x1047afe80?, 0x14000236000}, {0x0, 0x0}, {0x1400005f9c8?, 0x3?, 0x0?})
	/Users/keisukeyoshida/wow/todo_app_go/app/controllers/server.go:19 +0x168
todo_app_go/app/controllers.signup({0x1047afe80?, 0x14000236000?}, 0x1400005fa3b?)
	/Users/keisukeyoshida/wow/todo_app_go/app/controllers/route_auth.go:6 +0x80
net/http.HandlerFunc.ServeHTTP(0x72?, {0x1047afe80?, 0x14000236000?}, 0x10426e3d0?)
	/usr/local/go/src/net/http/server.go:2084 +0x3c
net/http.(*ServeMux).ServeHTTP(0x0?, {0x1047afe80, 0x14000236000}, 0x14000188200)
	/usr/local/go/src/net/http/server.go:2462 +0x144
net/http.serverHandler.ServeHTTP({0x140001be870?}, {0x1047afe80, 0x14000236000}, 0x14000188200)
	/usr/local/go/src/net/http/server.go:2916 +0x3fc
net/http.(*conn).serve(0x14000208000, {0x1047b0138, 0x1400011d560})
	/usr/local/go/src/net/http/server.go:1966 +0x56c
created by net/http.(*Server).Serve
	/usr/local/go/src/net/http/server.go:3071 +0x450
2022/05/29 20:38:01 server.go:3197: http: panic serving [::1]:55736: template: signup.html:1: unexpected "}}" in define clause
goroutine 51 [running]:
net/http.(*conn).serve.func1()
	/usr/local/go/src/net/http/server.go:1825 +0xb0
panic({0x104751da0, 0x1400021c430})
	/usr/local/go/src/runtime/panic.go:844 +0x258
html/template.Must(...)
	/usr/local/go/src/html/template/template.go:374
todo_app_go/app/controllers.generateHTML({0x1047afe80?, 0x140002360e0}, {0x0, 0x0}, {0x140002149c8?, 0x3?, 0x0?})
	/Users/keisukeyoshida/wow/todo_app_go/app/controllers/server.go:19 +0x168
todo_app_go/app/controllers.signup({0x1047afe80?, 0x140002360e0?}, 0x14000214a3b?)
	/Users/keisukeyoshida/wow/todo_app_go/app/controllers/route_auth.go:6 +0x80
net/http.HandlerFunc.ServeHTTP(0x72?, {0x1047afe80?, 0x140002360e0?}, 0x10426e3d0?)
	/usr/local/go/src/net/http/server.go:2084 +0x3c
net/http.(*ServeMux).ServeHTTP(0x0?, {0x1047afe80, 0x140002360e0}, 0x1400020e100)
	/usr/local/go/src/net/http/server.go:2462 +0x144
net/http.serverHandler.ServeHTTP({0x140002040f0?}, {0x1047afe80, 0x140002360e0}, 0x1400020e100)
	/usr/local/go/src/net/http/server.go:2916 +0x3fc
net/http.(*conn).serve(0x140002080a0, {0x1047b0138, 0x1400011d560})
	/usr/local/go/src/net/http/server.go:1966 +0x56c
created by net/http.(*Server).Serve
	/usr/local/go/src/net/http/server.go:3071 +0x450
2022/05/29 20:38:01 server.go:3197: http: panic serving [::1]:55737: template: signup.html:1: unexpected "}}" in define clause
goroutine 40 [running]:
net/http.(*conn).serve.func1()
	/usr/local/go/src/net/http/server.go:1825 +0xb0
panic({0x104751da0, 0x140000985a0})
	/usr/local/go/src/runtime/panic.go:844 +0x258
html/template.Must(...)
	/usr/local/go/src/html/template/template.go:374
todo_app_go/app/controllers.generateHTML({0x1047afe80?, 0x140000be1c0}, {0x0, 0x0}, {0x1400005b9c8?, 0x3?, 0x0?})
	/Users/keisukeyoshida/wow/todo_app_go/app/controllers/server.go:19 +0x168
todo_app_go/app/controllers.signup({0x1047afe80?, 0x140000be1c0?}, 0x1400005ba3b?)
	/Users/keisukeyoshida/wow/todo_app_go/app/controllers/route_auth.go:6 +0x80
net/http.HandlerFunc.ServeHTTP(0x72?, {0x1047afe80?, 0x140000be1c0?}, 0x10426e3d0?)
	/usr/local/go/src/net/http/server.go:2084 +0x3c
net/http.(*ServeMux).ServeHTTP(0x0?, {0x1047afe80, 0x140000be1c0}, 0x140000a8200)
	/usr/local/go/src/net/http/server.go:2462 +0x144
net/http.serverHandler.ServeHTTP({0x140000952c0?}, {0x1047afe80, 0x140000be1c0}, 0x140000a8200)
	/usr/local/go/src/net/http/server.go:2916 +0x3fc
net/http.(*conn).serve(0x140000f4140, {0x1047b0138, 0x1400011d560})
	/usr/local/go/src/net/http/server.go:1966 +0x56c
created by net/http.(*Server).Serve
	/usr/local/go/src/net/http/server.go:3071 +0x450
2022/05/29 20:38:07 server.go:3197: http: panic serving [::1]:55758: template: signup.html:1: unexpected "}}" in define clause
goroutine 45 [running]:
net/http.(*conn).serve.func1()
	/usr/local/go/src/net/http/server.go:1825 +0xb0
panic({0x104751da0, 0x14000012240})
	/usr/local/go/src/runtime/panic.go:844 +0x258
html/template.Must(...)
	/usr/local/go/src/html/template/template.go:374
todo_app_go/app/controllers.generateHTML({0x1047afe80?, 0x14000304000}, {0x0, 0x0}, {0x140002149c8?, 0x3?, 0x0?})
	/Users/keisukeyoshida/wow/todo_app_go/app/controllers/server.go:19 +0x168
todo_app_go/app/controllers.signup({0x1047afe80?, 0x14000304000?}, 0x14000214a3b?)
	/Users/keisukeyoshida/wow/todo_app_go/app/controllers/route_auth.go:6 +0x80
net/http.HandlerFunc.ServeHTTP(0x72?, {0x1047afe80?, 0x14000304000?}, 0x10426e3d0?)
	/usr/local/go/src/net/http/server.go:2084 +0x3c
net/http.(*ServeMux).ServeHTTP(0x0?, {0x1047afe80, 0x14000304000}, 0x1400020e200)
	/usr/local/go/src/net/http/server.go:2462 +0x144
net/http.serverHandler.ServeHTTP({0x14000204f60?}, {0x1047afe80, 0x14000304000}, 0x1400020e200)
	/usr/local/go/src/net/http/server.go:2916 +0x3fc
net/http.(*conn).serve(0x140000f41e0, {0x1047b0138, 0x1400011d560})
	/usr/local/go/src/net/http/server.go:1966 +0x56c
created by net/http.(*Server).Serve
	/usr/local/go/src/net/http/server.go:3071 +0x450
2022/05/29 20:38:07 server.go:3197: http: panic serving [::1]:55759: template: signup.html:1: unexpected "}}" in define clause
goroutine 46 [running]:
net/http.(*conn).serve.func1()
	/usr/local/go/src/net/http/server.go:1825 +0xb0
panic({0x104751da0, 0x1400021c660})
	/usr/local/go/src/runtime/panic.go:844 +0x258
html/template.Must(...)
	/usr/local/go/src/html/template/template.go:374
todo_app_go/app/controllers.generateHTML({0x1047afe80?, 0x140002361c0}, {0x0, 0x0}, {0x1400005b9c8?, 0x3?, 0x0?})
	/Users/keisukeyoshida/wow/todo_app_go/app/controllers/server.go:19 +0x168
todo_app_go/app/controllers.signup({0x1047afe80?, 0x140002361c0?}, 0x1400005ba3b?)
	/Users/keisukeyoshida/wow/todo_app_go/app/controllers/route_auth.go:6 +0x80
net/http.HandlerFunc.ServeHTTP(0x72?, {0x1047afe80?, 0x140002361c0?}, 0x10426e3d0?)
	/usr/local/go/src/net/http/server.go:2084 +0x3c
net/http.(*ServeMux).ServeHTTP(0x0?, {0x1047afe80, 0x140002361c0}, 0x140000a8300)
	/usr/local/go/src/net/http/server.go:2462 +0x144
net/http.serverHandler.ServeHTTP({0x14000095aa0?}, {0x1047afe80, 0x140002361c0}, 0x140000a8300)
	/usr/local/go/src/net/http/server.go:2916 +0x3fc
net/http.(*conn).serve(0x140000f4280, {0x1047b0138, 0x1400011d560})
	/usr/local/go/src/net/http/server.go:1966 +0x56c
created by net/http.(*Server).Serve
	/usr/local/go/src/net/http/server.go:3071 +0x450
2022/05/29 20:38:07 server.go:3197: http: panic serving [::1]:55760: template: signup.html:1: unexpected "}}" in define clause
goroutine 47 [running]:
net/http.(*conn).serve.func1()
	/usr/local/go/src/net/http/server.go:1825 +0xb0
panic({0x104751da0, 0x140000987e0})
	/usr/local/go/src/runtime/panic.go:844 +0x258
html/template.Must(...)
	/usr/local/go/src/html/template/template.go:374
todo_app_go/app/controllers.generateHTML({0x1047afe80?, 0x140000be2a0}, {0x0, 0x0}, {0x1400005c9c8?, 0x3?, 0x0?})
	/Users/keisukeyoshida/wow/todo_app_go/app/controllers/server.go:19 +0x168
todo_app_go/app/controllers.signup({0x1047afe80?, 0x140000be2a0?}, 0x1400005ca3b?)
	/Users/keisukeyoshida/wow/todo_app_go/app/controllers/route_auth.go:6 +0x80
net/http.HandlerFunc.ServeHTTP(0x72?, {0x1047afe80?, 0x140000be2a0?}, 0x10426e3d0?)
	/usr/local/go/src/net/http/server.go:2084 +0x3c
net/http.(*ServeMux).ServeHTTP(0x0?, {0x1047afe80, 0x140000be2a0}, 0x140000a8400)
	/usr/local/go/src/net/http/server.go:2462 +0x144
net/http.serverHandler.ServeHTTP({0x14000095b60?}, {0x1047afe80, 0x140000be2a0}, 0x140000a8400)
	/usr/local/go/src/net/http/server.go:2916 +0x3fc
net/http.(*conn).serve(0x140000f4320, {0x1047b0138, 0x1400011d560})
	/usr/local/go/src/net/http/server.go:1966 +0x56c
created by net/http.(*Server).Serve
	/usr/local/go/src/net/http/server.go:3071 +0x450
2022/05/29 20:38:37 server.go:3197: http: panic serving [::1]:55883: template: signup.html:1: unexpected "}}" in define clause
goroutine 33 [running]:
net/http.(*conn).serve.func1()
	/usr/local/go/src/net/http/server.go:1825 +0xb0
panic({0x104751da0, 0x1400011b6c0})
	/usr/local/go/src/runtime/panic.go:844 +0x258
html/template.Must(...)
	/usr/local/go/src/html/template/template.go:374
todo_app_go/app/controllers.generateHTML({0x1047afe80?, 0x140000be380}, {0x0, 0x0}, {0x1400005c9c8?, 0x3?, 0x0?})
	/Users/keisukeyoshida/wow/todo_app_go/app/controllers/server.go:19 +0x168
todo_app_go/app/controllers.signup({0x1047afe80?, 0x140000be380?}, 0x1400005ca3b?)
	/Users/keisukeyoshida/wow/todo_app_go/app/controllers/route_auth.go:6 +0x80
net/http.HandlerFunc.ServeHTTP(0x72?, {0x1047afe80?, 0x140000be380?}, 0x10426e3d0?)
	/usr/local/go/src/net/http/server.go:2084 +0x3c
net/http.(*ServeMux).ServeHTTP(0x0?, {0x1047afe80, 0x140000be380}, 0x140000a8500)
	/usr/local/go/src/net/http/server.go:2462 +0x144
net/http.serverHandler.ServeHTTP({0x1400029e270?}, {0x1047afe80, 0x140000be380}, 0x140000a8500)
	/usr/local/go/src/net/http/server.go:2916 +0x3fc
net/http.(*conn).serve(0x14000137540, {0x1047b0138, 0x1400011d560})
	/usr/local/go/src/net/http/server.go:1966 +0x56c
created by net/http.(*Server).Serve
	/usr/local/go/src/net/http/server.go:3071 +0x450
2022/05/29 20:38:37 server.go:3197: http: panic serving [::1]:55884: template: signup.html:1: unexpected "}}" in define clause
goroutine 82 [running]:
net/http.(*conn).serve.func1()
	/usr/local/go/src/net/http/server.go:1825 +0xb0
panic({0x104751da0, 0x1400011b8e0})
	/usr/local/go/src/runtime/panic.go:844 +0x258
html/template.Must(...)
	/usr/local/go/src/html/template/template.go:374
todo_app_go/app/controllers.generateHTML({0x1047afe80?, 0x140001922a0}, {0x0, 0x0}, {0x140002109c8?, 0x3?, 0x0?})
	/Users/keisukeyoshida/wow/todo_app_go/app/controllers/server.go:19 +0x168
todo_app_go/app/controllers.signup({0x1047afe80?, 0x140001922a0?}, 0x14000210a3b?)
	/Users/keisukeyoshida/wow/todo_app_go/app/controllers/route_auth.go:6 +0x80
net/http.HandlerFunc.ServeHTTP(0x72?, {0x1047afe80?, 0x140001922a0?}, 0x10426e3d0?)
	/usr/local/go/src/net/http/server.go:2084 +0x3c
net/http.(*ServeMux).ServeHTTP(0x0?, {0x1047afe80, 0x140001922a0}, 0x14000188300)
	/usr/local/go/src/net/http/server.go:2462 +0x144
net/http.serverHandler.ServeHTTP({0x140001be990?}, {0x1047afe80, 0x140001922a0}, 0x14000188300)
	/usr/local/go/src/net/http/server.go:2916 +0x3fc
net/http.(*conn).serve(0x140001375e0, {0x1047b0138, 0x1400011d560})
	/usr/local/go/src/net/http/server.go:1966 +0x56c
created by net/http.(*Server).Serve
	/usr/local/go/src/net/http/server.go:3071 +0x450
2022/05/29 20:38:37 server.go:3197: http: panic serving [::1]:55885: template: signup.html:1: unexpected "}}" in define clause
goroutine 70 [running]:
net/http.(*conn).serve.func1()
	/usr/local/go/src/net/http/server.go:1825 +0xb0
panic({0x104751da0, 0x14000098b20})
	/usr/local/go/src/runtime/panic.go:844 +0x258
html/template.Must(...)
	/usr/local/go/src/html/template/template.go:374
todo_app_go/app/controllers.generateHTML({0x1047afe80?, 0x140000be460}, {0x0, 0x0}, {0x1400005c9c8?, 0x3?, 0x0?})
	/Users/keisukeyoshida/wow/todo_app_go/app/controllers/server.go:19 +0x168
todo_app_go/app/controllers.signup({0x1047afe80?, 0x140000be460?}, 0x1400005ca3b?)
	/Users/keisukeyoshida/wow/todo_app_go/app/controllers/route_auth.go:6 +0x80
net/http.HandlerFunc.ServeHTTP(0x72?, {0x1047afe80?, 0x140000be460?}, 0x10426e3d0?)
	/usr/local/go/src/net/http/server.go:2084 +0x3c
net/http.(*ServeMux).ServeHTTP(0x0?, {0x1047afe80, 0x140000be460}, 0x140000a8600)
	/usr/local/go/src/net/http/server.go:2462 +0x144
net/http.serverHandler.ServeHTTP({0x1400029e660?}, {0x1047afe80, 0x140000be460}, 0x140000a8600)
	/usr/local/go/src/net/http/server.go:2916 +0x3fc
net/http.(*conn).serve(0x140000f43c0, {0x1047b0138, 0x1400011d560})
	/usr/local/go/src/net/http/server.go:1966 +0x56c
created by net/http.(*Server).Serve
	/usr/local/go/src/net/http/server.go:3071 +0x450
2022/05/31 08:56:48 main.go:20: near "amd": syntax error
2022/05/31 08:57:05 main.go:20: sql: expected 5 destination arguments in Scan, not 4
2022/05/31 09:29:26 users.go:139: no such table: sessinos
2022/05/31 12:32:58 users.go:139: sql: no rows in result set
2022/05/31 12:46:46 route_main.go:25: sql: expected 5 destination arguments in Scan, not 4
2022/05/31 12:46:46 server.go:3197: http: panic serving [::1]:52772: template: index.html:14: unexpected {{end}}
goroutine 5 [running]:
net/http.(*conn).serve.func1()
	/usr/local/go/src/net/http/server.go:1825 +0xb0
panic({0x10105a540, 0x14000090630})
	/usr/local/go/src/runtime/panic.go:844 +0x258
html/template.Must(...)
	/usr/local/go/src/html/template/template.go:374
todo_app_go/app/controllers.generateHTML({0x1010b8eb0?, 0x140000ec0e0}, {0x10109c2a0, 0x140000ae380}, {0x140000a77d0?, 0x3?, 0x140000a77c8?})
	/Users/keisukeyoshida/wow/todo_app_go/app/controllers/server.go:20 +0x168
todo_app_go/app/controllers.index({0x1010b8eb0, 0x140000ec0e0}, 0x140000a7a3b?)
	/Users/keisukeyoshida/wow/todo_app_go/app/controllers/route_main.go:29 +0x210
net/http.HandlerFunc.ServeHTTP(0x72?, {0x1010b8eb0?, 0x140000ec0e0?}, 0x100b707e0?)
	/usr/local/go/src/net/http/server.go:2084 +0x3c
net/http.(*ServeMux).ServeHTTP(0x0?, {0x1010b8eb0, 0x140000ec0e0}, 0x140001a2500)
	/usr/local/go/src/net/http/server.go:2462 +0x144
net/http.serverHandler.ServeHTTP({0x1400018e030?}, {0x1010b8eb0, 0x140000ec0e0}, 0x140001a2500)
	/usr/local/go/src/net/http/server.go:2916 +0x3fc
net/http.(*conn).serve(0x14000117360, {0x1010b9168, 0x1400007f590})
	/usr/local/go/src/net/http/server.go:1966 +0x56c
created by net/http.(*Server).Serve
	/usr/local/go/src/net/http/server.go:3071 +0x450
2022/05/31 12:46:46 route_main.go:25: sql: expected 5 destination arguments in Scan, not 4
2022/05/31 12:46:46 server.go:3197: http: panic serving [::1]:52773: template: index.html:14: unexpected {{end}}
goroutine 6 [running]:
net/http.(*conn).serve.func1()
	/usr/local/go/src/net/http/server.go:1825 +0xb0
panic({0x10105a540, 0x14000192980})
	/usr/local/go/src/runtime/panic.go:844 +0x258
html/template.Must(...)
	/usr/local/go/src/html/template/template.go:374
todo_app_go/app/controllers.generateHTML({0x1010b8eb0?, 0x140001b82a0}, {0x10109c2a0, 0x140001c5900}, {0x1400011b7d0?, 0x3?, 0x1400005a7c8?})
	/Users/keisukeyoshida/wow/todo_app_go/app/controllers/server.go:20 +0x168
todo_app_go/app/controllers.index({0x1010b8eb0, 0x140001b82a0}, 0x1400005aa3b?)
	/Users/keisukeyoshida/wow/todo_app_go/app/controllers/route_main.go:29 +0x210
net/http.HandlerFunc.ServeHTTP(0x72?, {0x1010b8eb0?, 0x140001b82a0?}, 0x100b707e0?)
	/usr/local/go/src/net/http/server.go:2084 +0x3c
net/http.(*ServeMux).ServeHTTP(0x0?, {0x1010b8eb0, 0x140001b82a0}, 0x140001a2100)
	/usr/local/go/src/net/http/server.go:2462 +0x144
net/http.serverHandler.ServeHTTP({0x1400007f6e0?}, {0x1010b8eb0, 0x140001b82a0}, 0x140001a2100)
	/usr/local/go/src/net/http/server.go:2916 +0x3fc
net/http.(*conn).serve(0x14000117400, {0x1010b9168, 0x1400007f590})
	/usr/local/go/src/net/http/server.go:1966 +0x56c
created by net/http.(*Server).Serve
	/usr/local/go/src/net/http/server.go:3071 +0x450
2022/05/31 12:46:46 route_main.go:25: sql: expected 5 destination arguments in Scan, not 4
2022/05/31 12:46:46 server.go:3197: http: panic serving [::1]:52775: template: index.html:14: unexpected {{end}}
goroutine 50 [running]:
net/http.(*conn).serve.func1()
	/usr/local/go/src/net/http/server.go:1825 +0xb0
panic({0x10105a540, 0x140002b2330})
	/usr/local/go/src/runtime/panic.go:844 +0x258
html/template.Must(...)
	/usr/local/go/src/html/template/template.go:374
todo_app_go/app/controllers.generateHTML({0x1010b8eb0?, 0x140002d2000}, {0x10109c2a0, 0x140002a2280}, {0x140002df7d0?, 0x3?, 0x140001827c8?})
	/Users/keisukeyoshida/wow/todo_app_go/app/controllers/server.go:20 +0x168
todo_app_go/app/controllers.index({0x1010b8eb0, 0x140002d2000}, 0x14000182a3b?)
	/Users/keisukeyoshida/wow/todo_app_go/app/controllers/route_main.go:29 +0x210
net/http.HandlerFunc.ServeHTTP(0x72?, {0x1010b8eb0?, 0x140002d2000?}, 0x100b707e0?)
	/usr/local/go/src/net/http/server.go:2084 +0x3c
net/http.(*ServeMux).ServeHTTP(0x0?, {0x1010b8eb0, 0x140002d2000}, 0x140002b8000)
	/usr/local/go/src/net/http/server.go:2462 +0x144
net/http.serverHandler.ServeHTTP({0x140002a4090?}, {0x1010b8eb0, 0x140002d2000}, 0x140002b8000)
	/usr/local/go/src/net/http/server.go:2916 +0x3fc
net/http.(*conn).serve(0x140002a8000, {0x1010b9168, 0x1400007f590})
	/usr/local/go/src/net/http/server.go:1966 +0x56c
created by net/http.(*Server).Serve
	/usr/local/go/src/net/http/server.go:3071 +0x450
2022/05/31 12:46:47 route_main.go:25: sql: expected 5 destination arguments in Scan, not 4
2022/05/31 12:46:47 server.go:3197: http: panic serving [::1]:52776: template: index.html:14: unexpected {{end}}
goroutine 44 [running]:
net/http.(*conn).serve.func1()
	/usr/local/go/src/net/http/server.go:1825 +0xb0
panic({0x10105a540, 0x14000090690})
	/usr/local/go/src/runtime/panic.go:844 +0x258
html/template.Must(...)
	/usr/local/go/src/html/template/template.go:374
todo_app_go/app/controllers.generateHTML({0x1010b8eb0?, 0x140001b8380}, {0x10109c2a0, 0x140001c5d00}, {0x1400011b7d0?, 0x3?, 0x1400005b7c8?})
	/Users/keisukeyoshida/wow/todo_app_go/app/controllers/server.go:20 +0x168
todo_app_go/app/controllers.index({0x1010b8eb0, 0x140001b8380}, 0x1400005ba3b?)
	/Users/keisukeyoshida/wow/todo_app_go/app/controllers/route_main.go:29 +0x210
net/http.HandlerFunc.ServeHTTP(0x72?, {0x1010b8eb0?, 0x140001b8380?}, 0x100b707e0?)
	/usr/local/go/src/net/http/server.go:2084 +0x3c
net/http.(*ServeMux).ServeHTTP(0x0?, {0x1010b8eb0, 0x140001b8380}, 0x140000e2200)
	/usr/local/go/src/net/http/server.go:2462 +0x144
net/http.serverHandler.ServeHTTP({0x14000097980?}, {0x1010b8eb0, 0x140001b8380}, 0x140000e2200)
	/usr/local/go/src/net/http/server.go:2916 +0x3fc
net/http.(*conn).serve(0x140001d2320, {0x1010b9168, 0x1400007f590})
	/usr/local/go/src/net/http/server.go:1966 +0x56c
created by net/http.(*Server).Serve
	/usr/local/go/src/net/http/server.go:3071 +0x450
2022/05/31 12:46:47 route_main.go:25: sql: expected 5 destination arguments in Scan, not 4
2022/05/31 12:46:47 server.go:3197: http: panic serving [::1]:52777: template: index.html:14: unexpected {{end}}
goroutine 45 [running]:
net/http.(*conn).serve.func1()
	/usr/local/go/src/net/http/server.go:1825 +0xb0
panic({0x10105a540, 0x140000909d0})
	/usr/local/go/src/runtime/panic.go:844 +0x258
html/template.Must(...)
	/usr/local/go/src/html/template/template.go:374
todo_app_go/app/controllers.generateHTML({0x1010b8eb0?, 0x140000ec1c0}, {0x10109c2a0, 0x140000ae680}, {0x140001197d0?, 0x3?, 0x1400005a7c8?})
	/Users/keisukeyoshida/wow/todo_app_go/app/controllers/server.go:20 +0x168
todo_app_go/app/controllers.index({0x1010b8eb0, 0x140000ec1c0}, 0x1400005aa3b?)
	/Users/keisukeyoshida/wow/todo_app_go/app/controllers/route_main.go:29 +0x210
net/http.HandlerFunc.ServeHTTP(0x72?, {0x1010b8eb0?, 0x140000ec1c0?}, 0x100b707e0?)
	/usr/local/go/src/net/http/server.go:2084 +0x3c
net/http.(*ServeMux).ServeHTTP(0x0?, {0x1010b8eb0, 0x140000ec1c0}, 0x140001a2600)
	/usr/local/go/src/net/http/server.go:2462 +0x144
net/http.serverHandler.ServeHTTP({0x14000380090?}, {0x1010b8eb0, 0x140000ec1c0}, 0x140001a2600)
	/usr/local/go/src/net/http/server.go:2916 +0x3fc
net/http.(*conn).serve(0x140001d23c0, {0x1010b9168, 0x1400007f590})
	/usr/local/go/src/net/http/server.go:1966 +0x56c
created by net/http.(*Server).Serve
	/usr/local/go/src/net/http/server.go:3071 +0x450
2022/05/31 12:46:47 route_main.go:25: sql: expected 5 destination arguments in Scan, not 4
2022/05/31 12:46:47 server.go:3197: http: panic serving [::1]:52778: template: index.html:14: unexpected {{end}}
goroutine 55 [running]:
net/http.(*conn).serve.func1()
	/usr/local/go/src/net/http/server.go:1825 +0xb0
panic({0x10105a540, 0x14000192d90})
	/usr/local/go/src/runtime/panic.go:844 +0x258
html/template.Must(...)
	/usr/local/go/src/html/template/template.go:374
todo_app_go/app/controllers.generateHTML({0x1010b8eb0?, 0x140002d20e0}, {0x10109c2a0, 0x140002a2600}, {0x140002df7d0?, 0x3?, 0x140001827c8?})
	/Users/keisukeyoshida/wow/todo_app_go/app/controllers/server.go:20 +0x168
todo_app_go/app/controllers.index({0x1010b8eb0, 0x140002d20e0}, 0x14000182a3b?)
	/Users/keisukeyoshida/wow/todo_app_go/app/controllers/route_main.go:29 +0x210
net/http.HandlerFunc.ServeHTTP(0x72?, {0x1010b8eb0?, 0x140002d20e0?}, 0x100b707e0?)
	/usr/local/go/src/net/http/server.go:2084 +0x3c
net/http.(*ServeMux).ServeHTTP(0x0?, {0x1010b8eb0, 0x140002d20e0}, 0x140002b8100)
	/usr/local/go/src/net/http/server.go:2462 +0x144
net/http.serverHandler.ServeHTTP({0x140002a4a80?}, {0x1010b8eb0, 0x140002d20e0}, 0x140002b8100)
	/usr/local/go/src/net/http/server.go:2916 +0x3fc
net/http.(*conn).serve(0x140002a80a0, {0x1010b9168, 0x1400007f590})
	/usr/local/go/src/net/http/server.go:1966 +0x56c
created by net/http.(*Server).Serve
	/usr/local/go/src/net/http/server.go:3071 +0x450
2022/05/31 12:46:52 route_main.go:25: sql: expected 5 destination arguments in Scan, not 4
2022/05/31 12:46:52 server.go:3197: http: panic serving [::1]:52779: template: index.html:14: unexpected {{end}}
goroutine 68 [running]:
net/http.(*conn).serve.func1()
	/usr/local/go/src/net/http/server.go:1825 +0xb0
panic({0x10105a540, 0x14000090ae0})
	/usr/local/go/src/runtime/panic.go:844 +0x258
html/template.Must(...)
	/usr/local/go/src/html/template/template.go:374
todo_app_go/app/controllers.generateHTML({0x1010b8eb0?, 0x140002d21c0}, {0x10109c2a0, 0x140002a2880}, {0x140002df7d0?, 0x3?, 0x140001827c8?})
	/Users/keisukeyoshida/wow/todo_app_go/app/controllers/server.go:20 +0x168
todo_app_go/app/controllers.index({0x1010b8eb0, 0x140002d21c0}, 0x14000182a3b?)
	/Users/keisukeyoshida/wow/todo_app_go/app/controllers/route_main.go:29 +0x210
net/http.HandlerFunc.ServeHTTP(0x72?, {0x1010b8eb0?, 0x140002d21c0?}, 0x100b707e0?)
	/usr/local/go/src/net/http/server.go:2084 +0x3c
net/http.(*ServeMux).ServeHTTP(0x0?, {0x1010b8eb0, 0x140002d21c0}, 0x140002b8200)
	/usr/local/go/src/net/http/server.go:2462 +0x144
net/http.serverHandler.ServeHTTP({0x140002a5110?}, {0x1010b8eb0, 0x140002d21c0}, 0x140002b8200)
	/usr/local/go/src/net/http/server.go:2916 +0x3fc
net/http.(*conn).serve(0x140001d2460, {0x1010b9168, 0x1400007f590})
	/usr/local/go/src/net/http/server.go:1966 +0x56c
created by net/http.(*Server).Serve
	/usr/local/go/src/net/http/server.go:3071 +0x450
2022/05/31 12:46:52 route_main.go:25: sql: expected 5 destination arguments in Scan, not 4
2022/05/31 12:46:52 server.go:3197: http: panic serving [::1]:52780: template: index.html:14: unexpected {{end}}
goroutine 69 [running]:
net/http.(*conn).serve.func1()
	/usr/local/go/src/net/http/server.go:1825 +0xb0
panic({0x10105a540, 0x14000090e20})
	/usr/local/go/src/runtime/panic.go:844 +0x258
html/template.Must(...)
	/usr/local/go/src/html/template/template.go:374
todo_app_go/app/controllers.generateHTML({0x1010b8eb0?, 0x140000ec2a0}, {0x10109c2a0, 0x140000aeb00}, {0x140002df7d0?, 0x3?, 0x1400005b7c8?})
	/Users/keisukeyoshida/wow/todo_app_go/app/controllers/server.go:20 +0x168
todo_app_go/app/controllers.index({0x1010b8eb0, 0x140000ec2a0}, 0x1400005ba3b?)
	/Users/keisukeyoshida/wow/todo_app_go/app/controllers/route_main.go:29 +0x210
net/http.HandlerFunc.ServeHTTP(0x72?, {0x1010b8eb0?, 0x140000ec2a0?}, 0x100b707e0?)
	/usr/local/go/src/net/http/server.go:2084 +0x3c
net/http.(*ServeMux).ServeHTTP(0x0?, {0x1010b8eb0, 0x140000ec2a0}, 0x140001a2700)
	/usr/local/go/src/net/http/server.go:2462 +0x144
net/http.serverHandler.ServeHTTP({0x14000380db0?}, {0x1010b8eb0, 0x140000ec2a0}, 0x140001a2700)
	/usr/local/go/src/net/http/server.go:2916 +0x3fc
net/http.(*conn).serve(0x140001d2500, {0x1010b9168, 0x1400007f590})
	/usr/local/go/src/net/http/server.go:1966 +0x56c
created by net/http.(*Server).Serve
	/usr/local/go/src/net/http/server.go:3071 +0x450
2022/05/31 12:46:52 route_main.go:25: sql: expected 5 destination arguments in Scan, not 4
2022/05/31 12:46:52 server.go:3197: http: panic serving [::1]:52781: template: index.html:14: unexpected {{end}}
goroutine 60 [running]:
net/http.(*conn).serve.func1()
	/usr/local/go/src/net/http/server.go:1825 +0xb0
panic({0x10105a540, 0x14000090ed0})
	/usr/local/go/src/runtime/panic.go:844 +0x258
html/template.Must(...)
	/usr/local/go/src/html/template/template.go:374
todo_app_go/app/controllers.generateHTML({0x1010b8eb0?, 0x140002d22a0}, {0x10109c2a0, 0x140002a2b80}, {0x140002e17d0?, 0x3?, 0x140001827c8?})
	/Users/keisukeyoshida/wow/todo_app_go/app/controllers/server.go:20 +0x168
todo_app_go/app/controllers.index({0x1010b8eb0, 0x140002d22a0}, 0x14000182a3b?)
	/Users/keisukeyoshida/wow/todo_app_go/app/controllers/route_main.go:29 +0x210
net/http.HandlerFunc.ServeHTTP(0x20?, {0x1010b8eb0?, 0x140002d22a0?}, 0x100b707e0?)
	/usr/local/go/src/net/http/server.go:2084 +0x3c
net/http.(*ServeMux).ServeHTTP(0x0?, {0x1010b8eb0, 0x140002d22a0}, 0x140002b8300)
	/usr/local/go/src/net/http/server.go:2462 +0x144
net/http.serverHandler.ServeHTTP({0x140002a57a0?}, {0x1010b8eb0, 0x140002d22a0}, 0x140002b8300)
	/usr/local/go/src/net/http/server.go:2916 +0x3fc
net/http.(*conn).serve(0x140002a8140, {0x1010b9168, 0x1400007f590})
	/usr/local/go/src/net/http/server.go:1966 +0x56c
created by net/http.(*Server).Serve
	/usr/local/go/src/net/http/server.go:3071 +0x450
2022/05/31 12:47:16 route_main.go:25: sql: expected 5 destination arguments in Scan, not 4
2022/05/31 12:47:16 server.go:3197: http: panic serving [::1]:52785: template: index.html:14: unexpected {{end}}
goroutine 20 [running]:
net/http.(*conn).serve.func1()
	/usr/local/go/src/net/http/server.go:1825 +0xb0
panic({0x104f9a540, 0x14000012150})
	/usr/local/go/src/runtime/panic.go:844 +0x258
html/template.Must(...)
	/usr/local/go/src/html/template/template.go:374
todo_app_go/app/controllers.generateHTML({0x104ff8eb0?, 0x1400018a0e0}, {0x104fdc2a0, 0x14000188680}, {0x1400019d7d0?, 0x3?, 0x140001317c8?})
	/Users/keisukeyoshida/wow/todo_app_go/app/controllers/server.go:20 +0x168
todo_app_go/app/controllers.index({0x104ff8eb0, 0x1400018a0e0}, 0x14000131a3b?)
	/Users/keisukeyoshida/wow/todo_app_go/app/controllers/route_main.go:29 +0x210
net/http.HandlerFunc.ServeHTTP(0x72?, {0x104ff8eb0?, 0x1400018a0e0?}, 0x104ab07e0?)
	/usr/local/go/src/net/http/server.go:2084 +0x3c
net/http.(*ServeMux).ServeHTTP(0x0?, {0x104ff8eb0, 0x1400018a0e0}, 0x140000a6000)
	/usr/local/go/src/net/http/server.go:2462 +0x144
net/http.serverHandler.ServeHTTP({0x14000094030?}, {0x104ff8eb0, 0x1400018a0e0}, 0x140000a6000)
	/usr/local/go/src/net/http/server.go:2916 +0x3fc
net/http.(*conn).serve(0x1400012f400, {0x104ff9168, 0x14000115590})
	/usr/local/go/src/net/http/server.go:1966 +0x56c
created by net/http.(*Server).Serve
	/usr/local/go/src/net/http/server.go:3071 +0x450
2022/05/31 12:47:16 route_main.go:25: sql: expected 5 destination arguments in Scan, not 4
2022/05/31 12:47:16 server.go:3197: http: panic serving [::1]:52786: template: index.html:14: unexpected {{end}}
goroutine 21 [running]:
net/http.(*conn).serve.func1()
	/usr/local/go/src/net/http/server.go:1825 +0xb0
panic({0x104f9a540, 0x14000098100})
	/usr/local/go/src/runtime/panic.go:844 +0x258
html/template.Must(...)
	/usr/local/go/src/html/template/template.go:374
todo_app_go/app/controllers.generateHTML({0x104ff8eb0?, 0x14000240000}, {0x104fdc2a0, 0x14000204280}, {0x1400024b7d0?, 0x3?, 0x1400005f7c8?})
	/Users/keisukeyoshida/wow/todo_app_go/app/controllers/server.go:20 +0x168
todo_app_go/app/controllers.index({0x104ff8eb0, 0x14000240000}, 0x1400005fa3b?)
	/Users/keisukeyoshida/wow/todo_app_go/app/controllers/route_main.go:29 +0x210
net/http.HandlerFunc.ServeHTTP(0x72?, {0x104ff8eb0?, 0x14000240000?}, 0x104ab07e0?)
	/usr/local/go/src/net/http/server.go:2084 +0x3c
net/http.(*ServeMux).ServeHTTP(0x0?, {0x104ff8eb0, 0x14000240000}, 0x140000a6100)
	/usr/local/go/src/net/http/server.go:2462 +0x144
net/http.serverHandler.ServeHTTP({0x140001156e0?}, {0x104ff8eb0, 0x14000240000}, 0x140000a6100)
	/usr/local/go/src/net/http/server.go:2916 +0x3fc
net/http.(*conn).serve(0x1400012f4a0, {0x104ff9168, 0x14000115590})
	/usr/local/go/src/net/http/server.go:1966 +0x56c
created by net/http.(*Server).Serve
	/usr/local/go/src/net/http/server.go:3071 +0x450
2022/05/31 12:47:16 route_main.go:25: sql: expected 5 destination arguments in Scan, not 4
2022/05/31 12:47:16 server.go:3197: http: panic serving [::1]:52787: template: index.html:14: unexpected {{end}}
goroutine 36 [running]:
net/http.(*conn).serve.func1()
	/usr/local/go/src/net/http/server.go:1825 +0xb0
panic({0x104f9a540, 0x14000012490})
	/usr/local/go/src/runtime/panic.go:844 +0x258
html/template.Must(...)
	/usr/local/go/src/html/template/template.go:374
todo_app_go/app/controllers.generateHTML({0x104ff8eb0?, 0x140000ec000}, {0x104fdc2a0, 0x140000ae300}, {0x1400024b7d0?, 0x3?, 0x1400005b7c8?})
	/Users/keisukeyoshida/wow/todo_app_go/app/controllers/server.go:20 +0x168
todo_app_go/app/controllers.index({0x104ff8eb0, 0x140000ec000}, 0x1400005ba3b?)
	/Users/keisukeyoshida/wow/todo_app_go/app/controllers/route_main.go:29 +0x210
net/http.HandlerFunc.ServeHTTP(0x72?, {0x104ff8eb0?, 0x140000ec000?}, 0x104ab07e0?)
	/usr/local/go/src/net/http/server.go:2084 +0x3c
net/http.(*ServeMux).ServeHTTP(0x0?, {0x104ff8eb0, 0x140000ec000}, 0x140000a6200)
	/usr/local/go/src/net/http/server.go:2462 +0x144
net/http.serverHandler.ServeHTTP({0x140000944b0?}, {0x104ff8eb0, 0x140000ec000}, 0x140000a6200)
	/usr/local/go/src/net/http/server.go:2916 +0x3fc
net/http.(*conn).serve(0x140000de000, {0x104ff9168, 0x14000115590})
	/usr/local/go/src/net/http/server.go:1966 +0x56c
created by net/http.(*Server).Serve
	/usr/local/go/src/net/http/server.go:3071 +0x450
2022/05/31 12:47:45 route_main.go:25: sql: expected 5 destination arguments in Scan, not 4
2022/05/31 12:47:45 route_main.go:25: sql: expected 5 destination arguments in Scan, not 4
2022/05/31 12:47:52 route_main.go:25: sql: expected 5 destination arguments in Scan, not 4
2022/05/31 12:47:52 route_main.go:25: sql: expected 5 destination arguments in Scan, not 4
2022/05/31 12:48:05 route_main.go:25: sql: expected 5 destination arguments in Scan, not 4
2022/05/31 12:48:05 route_main.go:25: sql: expected 5 destination arguments in Scan, not 4
2022/05/31 12:48:11 route_main.go:25: sql: expected 5 destination arguments in Scan, not 4
2022/05/31 12:48:11 route_main.go:25: sql: expected 5 destination arguments in Scan, not 4
2022/05/31 12:49:46 route_main.go:25: sql: expected 5 destination arguments in Scan, not 4
2022/05/31 12:49:46 route_main.go:25: sql: expected 5 destination arguments in Scan, not 4
